<?xml version="1.0" encoding="UTF-8" ?>
<testsuite errors="0" failures="0" hostname="sp309-91" name="UtilsJUnit4Test" skipped="1" tests="4" time="0.422" timestamp="2016-09-13T19:41:34">
  <properties>
    <property name="libs.jsp-compiler.javadoc" value="" />
    <property name="netbeans.autoupdate.country" value="US" />
    <property name="nb.wait.for.caches" value="true" />
    <property name="javac.test.classpath" value=":build/classes:/usr/local/netbeans-8.1/platform/modules/ext/junit-4.12.jar:/usr/local/netbeans-8.1/platform/modules/ext/hamcrest-core-1.3.jar" />
    <property name="libs.jsf20.maven-pom" value="" />
    <property name="libs.DataBindingME.src" value="/usr/local/netbeans-8.1/mobility/sources/netbeans_databindingme-src.zip" />
    <property name="libs.spring-webmvc4.0.src" value="" />
    <property name="ant.core.lib" value="/usr/local/netbeans-8.1/extide/ant/lib/ant.jar" />
    <property name="javadoc.windowtitle" value="" />
    <property name="libs.jsp-compilation.javadoc" value="" />
    <property name="user.dir" value="/home/moclarfeld/cs203/JUnitLab/JUnit-Sample" />
    <property name="libs.javaee-api-7.0.src" value="" />
    <property name="java.vm.version" value="25.101-b13" />
    <property name="libs.DataBindingME.classpath" value="/usr/local/netbeans-8.1/mobility/modules/ext/netbeans_databindingme.jar" />
    <property name="libs.j2me_common_ant.src" value="" />
    <property name="libs.MySQLDriver.classpath" value="/usr/local/netbeans-8.1/ide/modules/ext/mysql-connector-java-5.1.23-bin.jar" />
    <property name="libs.eclipselinkmodelgen.src" value="" />
    <property name="javadoc.notree" value="false" />
    <property name="netbeans.autoupdate.version" value="1.23" />
    <property name="libs.javaee-web-api-6.0.classpath" value="/usr/local/netbeans-8.1/enterprise/modules/ext/javaee-web-api-6.0.jar" />
    <property name="libs.DataBindingME-PIM.maven-pom" value="" />
    <property name="javac.profile.cmd.line.arg" value="" />
    <property name="jdk.home" value="/usr/lib/jvm/java-8-oracle" />
    <property name="libs.javac-api.src" value="" />
    <property name="javadoc.noindex" value="false" />
    <property name="libs.jpa2-persistence.classpath" value="/usr/local/netbeans-8.1/java/modules/ext/hibernate4/hibernate-jpa-2.1-api-1.0.0.Final.jar" />
    <property name="sun.os.patch.level" value="unknown" />
    <property name="java.vm.specification.name" value="Java Virtual Machine Specification" />
    <property name="nb.show.statistics.ui" value="usageStatisticsEnabled" />
    <property name="netbeans.autoupdate.variant" value="" />
    <property name="have.tests" value="true" />
    <property name="org.xml.sax.driver" value="com.sun.org.apache.xerces.internal.jaxp.SAXParserImpl$JAXPSAXParser" />
    <property name="libs.hamcrest.classpath" value="/usr/local/netbeans-8.1/platform/modules/ext/hamcrest-core-1.3.jar" />
    <property name="libs.javac-api.javadoc" value="" />
    <property name="os.name" value="Linux" />
    <property name="libs.beans-binding.classpath" value="/usr/local/netbeans-8.1/java/modules/ext/beansbinding-1.2.1.jar" />
    <property name="libs.javaee-endorsed-api-7.0.maven-pom" value="" />
    <property name="ap.proc.none.internal" value="" />
    <property name="libs.DataBindingME-SVG.javadoc" value="/usr/local/netbeans-8.1/mobility/modules/docs/netbeans_databindingme_svg-api.zip" />
    <property name="libs.restapi.javadoc" value="" />
    <property name="libs.JWSAntTasks.maven-pom" value="" />
    <property name="libs.jstl.classpath" value="/usr/local/netbeans-8.1/enterprise/modules/ext/jstl-impl.jar:/usr/local/netbeans-8.1/enterprise/modules/ext/jstl-api.jar" />
    <property name="libs.testng.src" value="" />
    <property name="libs.spring-webmvc3.0.src" value="" />
    <property name="libs.restapi.classpath" value="/usr/local/netbeans-8.1/enterprise/modules/ext/jaxrs-2.0/javax.ws.rs-api-2.0.jar" />
    <property name="java.vendor.url.bug" value="http://bugreport.sun.com/bugreport/" />
    <property name="libs.jaxb.maven-pom" value="" />
    <property name="os.arch" value="amd64" />
    <property name="libs.eclipselink.src" value="" />
    <property name="user.name" value="moclarfeld" />
    <property name="libs.jsf12.javadoc" value="/usr/local/netbeans-8.1/enterprise/docs/javaee-doc-api.jar" />
    <property name="copylibs.rebase" value="true" />
    <property name="libs.j2me_common_ant.maven-pom" value="" />
    <property name="libs.spring-webmvc3.0.maven-pom" value="" />
    <property name="libs.swing-layout.maven-pom" value="" />
    <property name="sun.java.command" value="org.apache.tools.ant.taskdefs.optional.junit.JUnitTestRunner UtilsJUnit4Test skipNonTests=false filtertrace=true haltOnError=false haltOnFailure=false showoutput=true outputtoformatters=true logfailedtests=true threadid=0 logtestlistenerevents=true formatter=org.apache.tools.ant.taskdefs.optional.junit.BriefJUnitResultFormatter formatter=org.apache.tools.ant.taskdefs.optional.junit.XMLJUnitResultFormatter,/home/moclarfeld/cs203/JUnitLab/JUnit-Sample/build/test/results/TEST-UtilsJUnit4Test.xml crashfile=/home/moclarfeld/cs203/JUnitLab/JUnit-Sample/build/junitvmwatcher4177287612784721986.properties propsfile=/home/moclarfeld/cs203/JUnitLab/JUnit-Sample/build/junit661994076740909463.properties" />
    <property name="build.classes.dir" value="build/classes" />
    <property name="netbeans.accept_license_class" value="org.netbeans.license.AcceptLicense" />
    <property name="build.sysclasspath" value="ignore" />
    <property name="ap.supported.internal" value="true" />
    <property name="java.failonerror" value="true" />
    <property name="libs.javaee-endorsed-api-7.0.javadoc" value="/usr/local/netbeans-8.1/enterprise/docs/javaee-doc-api.jar" />
    <property name="libs.jaxws21.javadoc" value="/usr/local/netbeans-8.1/java/docs/jaxws-api-doc.zip" />
    <property name="libs.spring-webmvc4.0.javadoc" value="" />
    <property name="includes" value="**" />
    <property name="user.country" value="US" />
    <property name="javadoc.encoding" value="UTF-8" />
    <property name="javac.classpath" value="" />
    <property name="libs.jsp-compilation-syscp.src" value="" />
    <property name="libs.spring-framework400.classpath" value="/usr/local/netbeans-8.1/ide/modules/org-apache-commons-logging.jar:/usr/local/netbeans-8.1/java/modules/ext/cglib-2.2.jar:/usr/local/netbeans-8.1/java/modules/ext/spring-4/spring-aop-4.0.1.RELEASE.jar:/usr/local/netbeans-8.1/java/modules/ext/spring-4/spring-aspects-4.0.1.RELEASE.jar:/usr/local/netbeans-8.1/java/modules/ext/spring-4/spring-beans-4.0.1.RELEASE.jar:/usr/local/netbeans-8.1/java/modules/ext/spring-4/spring-build-src-4.0.1.RELEASE.jar:/usr/local/netbeans-8.1/java/modules/ext/spring-4/spring-context-4.0.1.RELEASE.jar:/usr/local/netbeans-8.1/java/modules/ext/spring-4/spring-context-support-4.0.1.RELEASE.jar:/usr/local/netbeans-8.1/java/modules/ext/spring-4/spring-core-4.0.1.RELEASE.jar:/usr/local/netbeans-8.1/java/modules/ext/spring-4/spring-expression-4.0.1.RELEASE.jar:/usr/local/netbeans-8.1/java/modules/ext/spring-4/spring-framework-bom-4.0.1.RELEASE.jar:/usr/local/netbeans-8.1/java/modules/ext/spring-4/spring-instrument-4.0.1.RELEASE.jar:/usr/local/netbeans-8.1/java/modules/ext/spring-4/spring-instrument-tomcat-4.0.1.RELEASE.jar:/usr/local/netbeans-8.1/java/modules/ext/spring-4/spring-jdbc-4.0.1.RELEASE.jar:/usr/local/netbeans-8.1/java/modules/ext/spring-4/spring-jms-4.0.1.RELEASE.jar:/usr/local/netbeans-8.1/java/modules/ext/spring-4/spring-messaging-4.0.1.RELEASE.jar:/usr/local/netbeans-8.1/java/modules/ext/spring-4/spring-orm-4.0.1.RELEASE.jar:/usr/local/netbeans-8.1/java/modules/ext/spring-4/spring-oxm-4.0.1.RELEASE.jar:/usr/local/netbeans-8.1/java/modules/ext/spring-4/spring-test-4.0.1.RELEASE.jar:/usr/local/netbeans-8.1/java/modules/ext/spring-4/spring-tx-4.0.1.RELEASE.jar:/usr/local/netbeans-8.1/java/modules/ext/spring-4/spring-web-4.0.1.RELEASE.jar:/usr/local/netbeans-8.1/java/modules/ext/spring-4/spring-webmvc-4.0.1.RELEASE.jar:/usr/local/netbeans-8.1/java/modules/ext/spring-4/spring-webmvc-portlet-4.0.1.RELEASE.jar:/usr/local/netbeans-8.1/java/modules/ext/spring-4/spring-websocket-4.0.1.RELEASE.jar" />
    <property name="debug-transport" value="dt_socket" />
    <property name="netbeans.home" value="/usr/local/netbeans-8.1/platform" />
    <property name="build.compiler.emacs" value="true" />
    <property name="libs.javaee-web-api-6.0.src" value="" />
    <property name="libs.jsp-compilation-syscp.classpath" value="/usr/local/netbeans-8.1/extide/ant/lib/ant.jar:/usr/local/netbeans-8.1/enterprise/modules/ext/servlet3.1-jsp2.3-api.jar:/usr/local/netbeans-8.1/enterprise/modules/ext/glassfish-jspparser-4.0.jar:/usr/local/netbeans-8.1/enterprise/modules/ext/jstl-impl.jar:/usr/local/netbeans-8.1/enterprise/modules/ext/jsf-2_2/javax.faces.jar" />
    <property name="java.endorsed.dirs" value="/usr/lib/jvm/java-8-oracle/jre/lib/endorsed" />
    <property name="libs.groovy-all.src" value="" />
    <property name="netbeans.dynamic.classpath" value="/usr/local/netbeans-8.1/platform/core/org-netbeans-libs-asm.jar:/usr/local/netbeans-8.1/platform/core/core.jar:/usr/local/netbeans-8.1/platform/core/asm-all-5.0.1.jar:/usr/local/netbeans-8.1/platform/core/core-base.jar:/usr/local/netbeans-8.1/platform/core/org-openide-filesystems.jar:/usr/local/netbeans-8.1/platform/core/org-openide-filesystems-compat8.jar:/usr/local/netbeans-8.1/platform/core/locale/org-openide-filesystems-compat8_ja.jar:/usr/local/netbeans-8.1/platform/core/locale/org-netbeans-libs-asm_zh_CN.jar:/usr/local/netbeans-8.1/platform/core/locale/org-openide-filesystems-compat8_zh_CN.jar:/usr/local/netbeans-8.1/platform/core/locale/org-openide-filesystems_pt_BR.jar:/usr/local/netbeans-8.1/platform/core/locale/core_ru.jar:/usr/local/netbeans-8.1/platform/core/locale/core-base_ru.jar:/usr/local/netbeans-8.1/platform/core/locale/org-netbeans-libs-asm_pt_BR.jar:/usr/local/netbeans-8.1/platform/core/locale/org-netbeans-libs-asm_ja.jar:/usr/local/netbeans-8.1/platform/core/locale/org-openide-filesystems_ru.jar:/usr/local/netbeans-8.1/platform/core/locale/core-base_ja.jar:/usr/local/netbeans-8.1/platform/core/locale/core-base_pt_BR.jar:/usr/local/netbeans-8.1/platform/core/locale/org-openide-filesystems-compat8_ru.jar:/usr/local/netbeans-8.1/platform/core/locale/org-openide-filesystems-compat8_pt_BR.jar:/usr/local/netbeans-8.1/platform/core/locale/core_pt_BR.jar:/usr/local/netbeans-8.1/platform/core/locale/core-base_zh_CN.jar:/usr/local/netbeans-8.1/platform/core/locale/org-netbeans-libs-asm_ru.jar:/usr/local/netbeans-8.1/platform/core/locale/org-openide-filesystems_zh_CN.jar:/usr/local/netbeans-8.1/platform/core/locale/core_zh_CN.jar:/usr/local/netbeans-8.1/platform/core/locale/core_ja.jar:/usr/local/netbeans-8.1/platform/core/locale/org-openide-filesystems_ja.jar:/usr/local/netbeans-8.1/nb/core/org-netbeans-upgrader.jar:/usr/local/netbeans-8.1/nb/core/locale/core_nb_pt_BR.jar:/usr/local/netbeans-8.1/nb/core/locale/org-netbeans-upgrader_ja.jar:/usr/local/netbeans-8.1/nb/core/locale/core_nb_zh_CN.jar:/usr/local/netbeans-8.1/nb/core/locale/core_nb.jar:/usr/local/netbeans-8.1/nb/core/locale/core_nb_ja.jar:/usr/local/netbeans-8.1/nb/core/locale/org-netbeans-upgrader_ru.jar:/usr/local/netbeans-8.1/nb/core/locale/core_nb_ru.jar:/usr/local/netbeans-8.1/nb/core/locale/org-netbeans-upgrader_pt_BR.jar:/usr/local/netbeans-8.1/nb/core/locale/org-netbeans-upgrader_zh_CN.jar" />
    <property name="java.vm.specification.version" value="1.8" />
    <property name="libs.hibernate4-support.src" value="" />
    <property name="libs.primefaces.classpath" value="/usr/local/netbeans-8.1/enterprise/modules/ext/primefaces/primefaces-5.0.jar" />
    <property name="libs.javaee-api-6.0.classpath" value="/usr/local/netbeans-8.1/enterprise/modules/ext/javaee-api-6.0.jar" />
    <property name="libs.groovy-all.maven-pom" value="" />
    <property name="netbeans.productversion" value="NetBeans IDE 8.1 (Build 201510222201)" />
    <property name="libs.jaxws21.src" value="" />
    <property name="do.archive" value="true" />
    <property name="netbeans.autoupdate.language" value="en" />
    <property name="libs.ACM.src" value="" />
    <property name="java.vendor" value="Oracle Corporation" />
    <property name="libs.ACM.javadoc" value="" />
    <property name="libs.javaee-api-6.0.javadoc" value="/usr/local/netbeans-8.1/enterprise/docs/javaee-doc-api.jar" />
    <property name="sun.font.fontmanager" value="sun.awt.X11FontManager" />
    <property name="jar.index.metainf" value="false" />
    <property name="javac.debug" value="true" />
    <property name="javadoc.splitindex" value="true" />
    <property name="file.separator" value="/" />
    <property name="libs.junit_4.maven-pom" value="" />
    <property name="mkdist.disabled" value="true" />
    <property name="javac.test.processorpath" value=":build/classes:/usr/local/netbeans-8.1/platform/modules/ext/junit-4.12.jar:/usr/local/netbeans-8.1/platform/modules/ext/hamcrest-core-1.3.jar" />
    <property name="netbeans.buildnumber" value="201510222201" />
    <property name="libs.JWSAntTasks.javadoc" value="" />
    <property name="build.generated.sources.dir" value="build/generated-sources" />
    <property name="libs.eclipselinkmodelgen.classpath" value="/usr/local/netbeans-8.1/java/modules/ext/eclipselink/org.eclipse.persistence.jpa.modelgen_2.5.2.v20140319-9ad6abd.jar" />
    <property name="libs.javaee-endorsed-api-7.0.src" value="" />
    <property name="sun.java.launcher" value="SUN_STANDARD" />
    <property name="libs.hibernate4-persistencemodelgen.javadoc" value="" />
    <property name="libs.jaxb.javadoc" value="/usr/local/netbeans-8.1/ide/docs/jaxb-api-doc.zip" />
    <property name="libs.struts.classpath" value="/usr/local/netbeans-8.1/enterprise/modules/ext/struts/antlr-2.7.2.jar:/usr/local/netbeans-8.1/enterprise/modules/ext/struts/bsf-2.3.0.jar:/usr/local/netbeans-8.1/enterprise/modules/ext/struts/commons-beanutils-1.8.0.jar:/usr/local/netbeans-8.1/enterprise/modules/ext/struts/commons-chain-1.2.jar:/usr/local/netbeans-8.1/enterprise/modules/ext/struts/commons-digester-1.8.jar:/usr/local/netbeans-8.1/enterprise/modules/ext/struts/commons-fileupload-1.1.1.jar:/usr/local/netbeans-8.1/enterprise/modules/ext/struts/commons-io-1.1.jar:/usr/local/netbeans-8.1/enterprise/modules/ext/struts/commons-logging-1.0.4.jar:/usr/local/netbeans-8.1/enterprise/modules/ext/struts/commons-validator-1.3.1.jar:/usr/local/netbeans-8.1/enterprise/modules/ext/struts/jstl-1.0.2.jar:/usr/local/netbeans-8.1/enterprise/modules/ext/struts/oro-2.0.8.jar:/usr/local/netbeans-8.1/enterprise/modules/ext/struts/standard-1.0.6.jar:/usr/local/netbeans-8.1/enterprise/modules/ext/struts/struts-core-1.3.10.jar:/usr/local/netbeans-8.1/enterprise/modules/ext/struts/struts-el-1.3.10.jar:/usr/local/netbeans-8.1/enterprise/modules/ext/struts/struts-extras-1.3.10.jar:/usr/local/netbeans-8.1/enterprise/modules/ext/struts/struts-faces-1.3.10.jar:/usr/local/netbeans-8.1/enterprise/modules/ext/struts/struts-mailreader-dao-1.3.10.jar:/usr/local/netbeans-8.1/enterprise/modules/ext/struts/struts-scripting-1.3.10.jar:/usr/local/netbeans-8.1/enterprise/modules/ext/struts/struts-taglib-1.3.10.jar:/usr/local/netbeans-8.1/enterprise/modules/ext/struts/struts-tiles-1.3.10.jar" />
    <property name="ant.home" value="/usr/local/netbeans-8.1/extide/ant" />
    <property name="libs.junit_4.src" value="/usr/local/netbeans-8.1/platform/docs/junit-4.12-sources.jar" />
    <property name="libs.testng.classpath" value="/usr/local/netbeans-8.1/platform/modules/ext/testng-6.8.1-dist.jar" />
    <property name="libs.absolutelayout.maven-pom" value="" />
    <property name="ant.java.version" value="1.8" />
    <property name="java.library.path" value="/usr/lib/jvm/java-8-oracle/jre/lib/amd64:/usr/lib/jvm/java-8-oracle/jre/lib/i386::/usr/java/packages/lib/amd64:/usr/lib64:/lib64:/lib:/usr/lib" />
    <property name="javadoc.author" value="false" />
    <property name="libs.metro.maven-pom" value="" />
    <property name="java.util.logging.config.class" value="org.netbeans.core.startup.TopLogging" />
    <property name="libs.spring-framework400.src" value="" />
    <property name="libs.PostgreSQLDriver.src" value="" />
    <property name="sun.arch.data.model" value="64" />
    <property name="basedir" value="/home/moclarfeld/cs203/JUnitLab/JUnit-Sample" />
    <property name="libs.jpa20-persistence.maven-pom" value="" />
    <property name="jar.compress" value="false" />
    <property name="libs.javaee-web-api-7.0.classpath" value="/usr/local/netbeans-8.1/enterprise/modules/ext/javaee-web-api-7.0.jar" />
    <property name="path.separator" value=":" />
    <property name="libs.javaee-web-api-6.0.javadoc" value="/usr/local/netbeans-8.1/enterprise/docs/javaee-doc-api.jar" />
    <property name="ant.junit.enabletestlistenerevents" value="true" />
    <property name="sun.io.unicode.encoding" value="UnicodeLittle" />
    <property name="libs.jaxws21.classpath" value="/usr/local/netbeans-8.1/ide/modules/ext/jaxb/jaxb-impl.jar:/usr/local/netbeans-8.1/ide/modules/ext/jaxb/jaxb-xjc.jar:/usr/local/netbeans-8.1/java/modules/ext/jaxws22/FastInfoset.jar:/usr/local/netbeans-8.1/java/modules/ext/jaxws22/gmbal-api-only.jar:/usr/local/netbeans-8.1/java/modules/ext/jaxws22/ha-api.jar:/usr/local/netbeans-8.1/java/modules/ext/jaxws22/javax.mail_1.4.jar:/usr/local/netbeans-8.1/java/modules/ext/jaxws22/jaxws-rt.jar:/usr/local/netbeans-8.1/java/modules/ext/jaxws22/jaxws-tools.jar:/usr/local/netbeans-8.1/java/modules/ext/jaxws22/management-api.jar:/usr/local/netbeans-8.1/java/modules/ext/jaxws22/mimepull.jar:/usr/local/netbeans-8.1/java/modules/ext/jaxws22/policy.jar:/usr/local/netbeans-8.1/java/modules/ext/jaxws22/saaj-impl.jar:/usr/local/netbeans-8.1/java/modules/ext/jaxws22/stax-ex.jar:/usr/local/netbeans-8.1/java/modules/ext/jaxws22/stax2-api.jar:/usr/local/netbeans-8.1/java/modules/ext/jaxws22/streambuffer.jar:/usr/local/netbeans-8.1/java/modules/ext/jaxws22/woodstox-core-asl.jar:/usr/local/netbeans-8.1/java/modules/ext/jaxws22/api/jaxws-api.jar:/usr/local/netbeans-8.1/java/modules/ext/jaxws22/api/jsr181-api.jar:/usr/local/netbeans-8.1/java/modules/ext/jaxws22/api/javax.annotation.jar:/usr/local/netbeans-8.1/java/modules/ext/jaxws22/api/saaj-api.jar:/usr/local/netbeans-8.1/ide/modules/ext/jaxb/activation.jar:/usr/local/netbeans-8.1/ide/modules/ext/jaxb/api/jaxb-api.jar:/usr/local/netbeans-8.1/ide/modules/ext/jaxb/api/jsr173_1.0_api.jar" />
    <property name="libs.struts.src" value="" />
    <property name="compile.on.save" value="true" />
    <property name="apple.awt.graphics.UseQuartz" value="true" />
    <property name="user.language" value="en" />
    <property name="testng.mode" value="testng" />
    <property name="libs.JAXB-ENDORSED.maven-pom" value="" />
    <property name="libs.eclipselink.maven-pom" value="" />
    <property name="test.binaryincludes" value="&lt;nothing&gt;" />
    <property name="libs.primefaces.javadoc" value="" />
    <property name="libs.spring-framework300.maven-pom" value="" />
    <property name="run.test.classpath" value=":build/classes:/usr/local/netbeans-8.1/platform/modules/ext/junit-4.12.jar:/usr/local/netbeans-8.1/platform/modules/ext/hamcrest-core-1.3.jar:build/test/classes" />
    <property name="ant.project.invoked-targets" value="test" />
    <property name="test.binaryexcludes" value="" />
    <property name="libs.swing-layout.javadoc" value="/usr/local/netbeans-8.1/platform/docs/swing-layout-1.0.4-doc.zip" />
    <property name="sun.java2d.dpiaware" value="true" />
    <property name="libs.hibernate4-persistence.maven-pom" value="" />
    <property name="libs.DataBindingME-SVG.classpath" value="/usr/local/netbeans-8.1/mobility/modules/ext/netbeans_databindingme_svg.jar" />
    <property name="https.nonProxyHosts" value="localhost|127.0.0.1|sp309-91" />
    <property name="libs.PostgreSQLDriver.maven-pom" value="" />
    <property name="java.class.version" value="52.0" />
    <property name="libs.hibernate4-persistencemodelgen.maven-pom" value="" />
    <property name="libs.javaee-endorsed-api-6.0.src" value="" />
    <property name="libs.eclipselink.javadoc" value="/usr/local/netbeans-8.1/java/modules/ext/docs/javax.persistence-2.1.0-doc.zip" />
    <property name="libs.jsp-compilation.maven-pom" value="" />
    <property name="user.properties.file" value="/home/moclarfeld/.netbeans/8.1/build.properties" />
    <property name="runtime.encoding" value="UTF-8" />
    <property name="libs.javac-api.maven-pom" value="" />
    <property name="file.encoding.pkg" value="sun.io" />
    <property name="sun.cpu.endian" value="little" />
    <property name="libs.JAXB-ENDORSED.javadoc" value="" />
    <property name="libs.JWSAntTasks.classpath" value="/usr/local/netbeans-8.1/java/ant/extra/org-netbeans-modules-javawebstart-anttasks.jar" />
    <property name="libs.spring-webmvc4.0.maven-pom" value="" />
    <property name="libs.spring-framework300.src" value="" />
    <property name="libs.jstl.src" value="" />
    <property name="empty.dir" value="/home/moclarfeld/cs203/JUnitLab/JUnit-Sample/build/empty" />
    <property name="ant.file.type.JUnit-Sample-impl" value="file" />
    <property name="version-output" value="java version &quot;1.8" />
    <property name="test.binarytestincludes" value="" />
    <property name="libs.hibernate4-persistencemodelgen.src" value="" />
    <property name="javadoc.preview" value="true" />
    <property name="libs.jpa20-persistence.javadoc" value="/usr/local/netbeans-8.1/java/modules/ext/docs/javax.persistence-2.1.0-doc.zip" />
    <property name="java.home" value="/usr/lib/jvm/java-8-oracle/jre" />
    <property name="libs.jsp-compilation.src" value="" />
    <property name="debug.test.classpath" value=":build/classes:/usr/local/netbeans-8.1/platform/modules/ext/junit-4.12.jar:/usr/local/netbeans-8.1/platform/modules/ext/hamcrest-core-1.3.jar:build/test/classes" />
    <property name="libs.javaee-endorsed-api-6.0.classpath" value="/usr/local/netbeans-8.1/enterprise/modules/ext/javaee6-endorsed/javax.annotation.jar:/usr/local/netbeans-8.1/enterprise/modules/ext/javaee6-endorsed/jaxb-api-osgi.jar:/usr/local/netbeans-8.1/enterprise/modules/ext/javaee6-endorsed/webservices-api-osgi.jar" />
    <property name="libs.javaee-api-6.0.src" value="" />
    <property name="libs.ACM.classpath" value="/home/moclarfeld/Desktop/acm-student-pkg/acm.jar" />
    <property name="netbeans.importclass" value="org.netbeans.upgrade.AutoUpgrade" />
    <property name="ant.project.default-target" value="default" />
    <property name="annotation.processing.run.all.processors" value="true" />
    <property name="libs.DataBindingME.maven-pom" value="" />
    <property name="libs.PostgreSQLDriver.javadoc" value="" />
    <property name="libs.restlib.classpath" value="/usr/local/netbeans-8.1/enterprise/modules/ext/jersey2/ext/asm-all-repackaged-2.2.0-b21.jar:/usr/local/netbeans-8.1/enterprise/modules/ext/jersey2/ext/cglib-2.2.0-b21.jar:/usr/local/netbeans-8.1/enterprise/modules/ext/jersey2/ext/guava-14.0.1.jar:/usr/local/netbeans-8.1/enterprise/modules/ext/jersey2/ext/hk2-api-2.2.0-b21.jar:/usr/local/netbeans-8.1/enterprise/modules/ext/jersey2/ext/hk2-locator-2.2.0-b21.jar:/usr/local/netbeans-8.1/enterprise/modules/ext/jersey2/ext/hk2-utils-2.2.0-b21.jar:/usr/local/netbeans-8.1/enterprise/modules/ext/jersey2/ext/javax.annotation-api-1.2.jar:/usr/local/netbeans-8.1/enterprise/modules/ext/jersey2/ext/javax.inject-2.2.0-b21.jar:/usr/local/netbeans-8.1/enterprise/modules/ext/jersey2/ext/javax.servlet-api-3.0.1.jar:/usr/local/netbeans-8.1/enterprise/modules/ext/jersey2/ext/jaxb-api-2.2.7.jar:/usr/local/netbeans-8.1/enterprise/modules/ext/jersey2/ext/jersey-entity-filtering-2.5.1.jar:/usr/local/netbeans-8.1/enterprise/modules/ext/jersey2/ext/jersey-media-moxy-2.5.1.jar:/usr/local/netbeans-8.1/enterprise/modules/ext/jersey2/ext/org.osgi.core-4.2.0.jar:/usr/local/netbeans-8.1/enterprise/modules/ext/jersey2/ext/osgi-resource-locator-1.0.1.jar:/usr/local/netbeans-8.1/enterprise/modules/ext/jersey2/ext/persistence-api-1.0.jar:/usr/local/netbeans-8.1/enterprise/modules/ext/jersey2/ext/validation-api-1.1.0.Final.jar:/usr/local/netbeans-8.1/enterprise/modules/ext/jersey2/jersey-client.jar:/usr/local/netbeans-8.1/enterprise/modules/ext/jersey2/jersey-common.jar:/usr/local/netbeans-8.1/enterprise/modules/ext/jersey2/jersey-container-servlet.jar:/usr/local/netbeans-8.1/enterprise/modules/ext/jersey2/jersey-container-servlet-core.jar:/usr/local/netbeans-8.1/enterprise/modules/ext/jersey2/jersey-server.jar:/usr/local/netbeans-8.1/java/modules/ext/eclipselink/eclipselink.jar" />
    <property name="libs.MySQLDriver.maven-pom" value="" />
    <property name="libs.hibernate4-persistence.javadoc" value="/usr/local/netbeans-8.1/java/modules/ext/docs/javax.persistence-2.1.0-doc.zip" />
    <property name="http.nonProxyHosts" value="localhost|127.0.0.1|sp309-91" />
    <property name="libs.junit_4.javadoc" value="/usr/local/netbeans-8.1/platform/docs/junit-4.12-javadoc.jar" />
    <property name="libs.javaee-web-api-6.0.maven-pom" value="" />
    <property name="run.classpath" value=":build/classes" />
    <property name="jna.boot.library.name" value="jnidispatch-410" />
    <property name="libs.javaee-endorsed-api-6.0.javadoc" value="/usr/local/netbeans-8.1/enterprise/docs/javaee-doc-api.jar" />
    <property name="libs.javaee-api-7.0.classpath" value="/usr/local/netbeans-8.1/enterprise/modules/ext/javaee-api-7.0.jar" />
    <property name="sun.awt.datatransfer.timeout" value="1000" />
    <property name="ant.file.JUnit-Sample-impl" value="/home/moclarfeld/cs203/JUnitLab/JUnit-Sample/nbproject/build-impl.xml" />
    <property name="libs.spring-webmvc3.0.javadoc" value="" />
    <property name="libs.jpa2-persistence.maven-pom" value="" />
    <property name="annotation.processing.enabled.in.editor" value="false" />
    <property name="libs.hibernate4-support.classpath" value="/usr/local/netbeans-8.1/java/modules/ext/hibernate4/antlr-2.7.7.jar:/usr/local/netbeans-8.1/java/modules/ext/hibernate4/c3p0-0.9.2.1.jar:/usr/local/netbeans-8.1/java/modules/ext/hibernate4/hibernate-c3p0-4.3.1.Final.jar:/usr/local/netbeans-8.1/java/modules/ext/hibernate4/mchange-commons-java-0.2.3.4.jar:/usr/local/netbeans-8.1/java/modules/ext/hibernate4/dom4j-1.6.1.jar:/usr/local/netbeans-8.1/java/modules/ext/hibernate4/ehcache-core-2.4.3.jar:/usr/local/netbeans-8.1/java/modules/ext/hibernate4/hibernate-ehcache-4.3.1.Final.jar:/usr/local/netbeans-8.1/java/modules/ext/hibernate4/hibernate-core-4.3.1.Final.jar:/usr/local/netbeans-8.1/java/modules/ext/hibernate4/jboss-logging-3.1.3.GA.jar:/usr/local/netbeans-8.1/java/modules/ext/hibernate4/hibernate-commons-annotations-4.0.4.Final.jar:/usr/local/netbeans-8.1/java/modules/ext/hibernate4/hibernate-entitymanager-4.3.1.Final.jar:/usr/local/netbeans-8.1/java/modules/ext/hibernate4/javassist-3.18.1-GA.jar:/usr/local/netbeans-8.1/java/modules/ext/hibernate4/jboss-transaction-api_1.2_spec-1.0.0.Final.jar:/usr/local/netbeans-8.1/java/modules/ext/hibernate4/slf4j-api-1.6.1.jar:/usr/local/netbeans-8.1/java/modules/ext/hibernate4/slf4j-simple-1.6.1.jar" />
    <property name="nb.native.filechooser" value="false" />
    <property name="libs.restapi.src" value="" />
    <property name="sun.management.compiler" value="HotSpot 64-Bit Tiered Compilers" />
    <property name="libs.j2me_common_ant.javadoc" value="" />
    <property name="javac.deprecation" value="false" />
    <property name="javadoc.use" value="true" />
    <property name="sun.java2d.noddraw" value="true" />
    <property name="libs.jsp-compiler.classpath" value="/usr/local/netbeans-8.1/enterprise/ant/extra/jspcompile.jar" />
    <property name="javac.processorpath" value="" />
    <property name="libs.hamcrest.maven-pom" value="" />
    <property name="javac.compilerargs" value="" />
    <property name="svnkit.http.methods" value="Basic" />
    <property name="ant.file" value="/home/moclarfeld/cs203/JUnitLab/JUnit-Sample/build.xml" />
    <property name="libs.beans-binding.maven-pom" value="" />
    <property name="libs.hibernate4-support.javadoc" value="/usr/local/netbeans-8.1/java/modules/ext/docs/javax.persistence-2.1.0-doc.zip" />
    <property name="libs.jsf12.classpath" value="/usr/local/netbeans-8.1/enterprise/modules/ext/jsf-1_2/commons-beanutils.jar:/usr/local/netbeans-8.1/enterprise/modules/ext/jsf-1_2/commons-collections.jar:/usr/local/netbeans-8.1/enterprise/modules/ext/jsf-1_2/commons-digester.jar:/usr/local/netbeans-8.1/enterprise/modules/ext/jsf-1_2/commons-logging.jar:/usr/local/netbeans-8.1/enterprise/modules/ext/jsf-1_2/jsf-api.jar:/usr/local/netbeans-8.1/enterprise/modules/ext/jsf-1_2/jsf-impl.jar" />
    <property name="libs.jstl.maven-pom" value="" />
    <property name="ant.file.JUnit-Sample" value="/home/moclarfeld/cs203/JUnitLab/JUnit-Sample/build.xml" />
    <property name="libs.restapi.maven-pom" value="" />
    <property name="libs.beans-binding.src" value="" />
    <property name="java.vm.specification.vendor" value="Oracle Corporation" />
    <property name="libs.DataBindingME-PIM.javadoc" value="/usr/local/netbeans-8.1/mobility/modules/docs/netbeans_databindingme_pim-api.zip" />
    <property name="libs.swing-layout.src" value="/usr/local/netbeans-8.1/platform/docs/swing-layout-1.0.4-src.zip" />
    <property name="org.openide.major.version" value="IDE/1" />
    <property name="java.vm.name" value="Java HotSpot(TM) 64-Bit Server VM" />
    <property name="netbeans.user" value="/home/moclarfeld/.netbeans/8.1" />
    <property name="javadoc.additionalparam" value="" />
    <property name="java.io.tmpdir" value="/tmp" />
    <property name="java.vendor.url" value="http://java.oracle.com/" />
    <property name="endorsed.classpath.cmd.line.arg" value="" />
    <property name="junit.available" value="true" />
    <property name="libs.jsp-compiler.src" value="" />
    <property name="sun.boot.library.path" value="/usr/lib/jvm/java-8-oracle/jre/lib/amd64" />
    <property name="have.sources" value="true" />
    <property name="libs.hamcrest.javadoc" value="" />
    <property name="debug.classpath" value=":build/classes" />
    <property name="javac.external.vm" value="true" />
    <property name="javadoc.private" value="false" />
    <property name="test.src.dir" value="test" />
    <property name="libs.jsf20.classpath" value="/usr/local/netbeans-8.1/enterprise/modules/ext/jsf-2_2/javax.faces.jar" />
    <property name="ap.processors.internal" value="" />
    <property name="meta.inf.dir" value="src/META-INF" />
    <property name="javadoc.encoding.used" value="UTF-8" />
    <property name="libs.DataBindingME-SVG.src" value="/usr/local/netbeans-8.1/mobility/sources/netbeans_databindingme_svg-src.zip" />
    <property name="dist.jar" value="dist/JUnit-Sample.jar" />
    <property name="libs.spring-framework400.maven-pom" value="" />
    <property name="java.runtime.name" value="Java(TM) SE Runtime Environment" />
    <property name="ant.project.name" value="JUnit-Sample" />
    <property name="netbeans.hash.code" value="unique=NB_CND_EXTIDE_GFMOD_GROOVY_JAVA_MOB_PHP_WEBCOMMON_WEBEE0825bb8ee-eca9-447e-81b9-b5530f682989_32556f35-3aa7-45ed-a4d0-31fc629bf7a3" />
    <property name="netbeans.default_userdir_root" value="/home/moclarfeld/.netbeans" />
    <property name="libs.jsp-compilation-syscp.maven-pom" value="" />
    <property name="sun.cpu.isalist" value="" />
    <property name="libs.spring-framework400.javadoc" value="" />
    <property name="libs.CopyLibs.javadoc" value="" />
    <property name="org.openide.specification.version" value="6.2" />
    <property name="libs.DataBindingME-PIM.classpath" value="/usr/local/netbeans-8.1/mobility/modules/ext/netbeans_databindingme_pim.jar" />
    <property name="user.home" value="/home/moclarfeld" />
    <property name="annotation.processing.processors.list" value="" />
    <property name="libs.primefaces.maven-pom" value="" />
    <property name="debug-args-line" value="-Xdebug" />
    <property name="libs.javaee-api-6.0.maven-pom" value="" />
    <property name="libs.JWSAntTasks.src" value="" />
    <property name="jar.index" value="false" />
    <property name="libs.CopyLibs.maven-pom" value="" />
    <property name="libs.spring-framework300.javadoc" value="" />
    <property name="libs.absolutelayout.javadoc" value="" />
    <property name="guice.disable.misplaced.annotation.check" value="true" />
    <property name="java.specification.name" value="Java Platform API Specification" />
    <property name="java.specification.vendor" value="Oracle Corporation" />
    <property name="libs.javac-api.classpath" value="/usr/local/netbeans-8.1/java/modules/ext/nb-javac-api.jar" />
    <property name="java.version" value="1.8.0_101" />
    <property name="run.jvmargs.ide" value="" />
    <property name="javadoc.version" value="false" />
    <property name="libs.MySQLDriver.javadoc" value="" />
    <property name="org.openide.version" value="deprecated" />
    <property name="platform.java" value="/usr/lib/jvm/java-8-oracle/jre/bin/java" />
    <property name="source.encoding" value="UTF-8" />
    <property name="ap.cmd.line.internal" value="" />
    <property name="libs.eclipselinkmodelgen.maven-pom" value="" />
    <property name="libs.jsp-compilation-syscp.javadoc" value="" />
    <property name="libs.eclipselinkmodelgen.javadoc" value="" />
    <property name="libs.javaee-endorsed-api-7.0.classpath" value="/usr/local/netbeans-8.1/enterprise/modules/ext/javaee7-endorsed/javax.annotation-api.jar:/usr/local/netbeans-8.1/enterprise/modules/ext/javaee7-endorsed/javax.xml.soap-api.jar:/usr/local/netbeans-8.1/enterprise/modules/ext/javaee7-endorsed/jaxb-api-osgi.jar:/usr/local/netbeans-8.1/enterprise/modules/ext/javaee7-endorsed/jaxws-api.jar:/usr/local/netbeans-8.1/enterprise/modules/ext/javaee7-endorsed/jsr181-api.jar" />
    <property name="libs.metro.javadoc" value="/usr/local/netbeans-8.1/enterprise/docs/metro-1.4-doc.zip" />
    <property name="libs.struts.maven-pom" value="" />
    <property name="netbeans.home+have.tests" value="true" />
    <property name="annotation.processing.processor.options" value="" />
    <property name="libs.testng.maven-pom" value="" />
    <property name="libs.jaxb.src" value="" />
    <property name="work.dir" value="/home/moclarfeld/cs203/JUnitLab/JUnit-Sample" />
    <property name="libs.jaxb.classpath" value="/usr/local/netbeans-8.1/ide/modules/ext/jaxb/jaxb-impl.jar:/usr/local/netbeans-8.1/ide/modules/ext/jaxb/jaxb-xjc.jar:/usr/local/netbeans-8.1/ide/modules/ext/jaxb/jaxb1-impl.jar:/usr/local/netbeans-8.1/ide/modules/ext/jaxb/activation.jar:/usr/local/netbeans-8.1/ide/modules/ext/jaxb/api/jaxb-api.jar:/usr/local/netbeans-8.1/ide/modules/ext/jaxb/api/jsr173_1.0_api.jar" />
    <property name="do.depend" value="false" />
    <property name="dist.javadoc.dir" value="dist/javadoc" />
    <property name="libs.j2me_common_ant.classpath" value="/usr/local/netbeans-8.1/mobility/modules/org-netbeans-modules-j2me-common-ant.jar:/usr/local/netbeans-8.1/java/modules/org-netbeans-modules-classfile.jar" />
    <property name="libs.spring-webmvc3.0.classpath" value="/usr/local/netbeans-8.1/java/modules/ext/spring-3.0/spring-webmvc-3.2.7.RELEASE.jar" />
    <property name="libs.swing-layout.classpath" value="/usr/local/netbeans-8.1/platform/modules/ext/swing-layout-1.0.4.jar" />
    <property name="libs.javaee-web-api-7.0.maven-pom" value="" />
    <property name="libs.restlib.src" value="" />
    <property name="javac.source" value="1.8" />
    <property name="build.generated.dir" value="build/generated" />
    <property name="line.separator" value="&#xa;" />
    <property name="java.specification.version" value="1.8" />
    <property name="java.vm.info" value="mixed mode" />
    <property name="libs.jaxws21.maven-pom" value="" />
    <property name="nb.junit.batch" value="true" />
    <property name="junit.forkmode" value="perTest" />
    <property name="sun.boot.class.path" value="/usr/lib/jvm/java-8-oracle/jre/lib/resources.jar:/usr/lib/jvm/java-8-oracle/jre/lib/rt.jar:/usr/lib/jvm/java-8-oracle/jre/lib/sunrsasign.jar:/usr/lib/jvm/java-8-oracle/jre/lib/jsse.jar:/usr/lib/jvm/java-8-oracle/jre/lib/jce.jar:/usr/lib/jvm/java-8-oracle/jre/lib/charsets.jar:/usr/lib/jvm/java-8-oracle/jre/lib/jfr.jar:/usr/lib/jvm/java-8-oracle/jre/classes" />
    <property name="javac.target" value="1.8" />
    <property name="built-jar.properties" value="/home/moclarfeld/cs203/JUnitLab/JUnit-Sample/build/built-jar.properties" />
    <property name="build.test.classes.dir" value="build/test/classes" />
    <property name="src.dir" value="src" />
    <property name="libs.jpa2-persistence.src" value="" />
    <property name="annotation.processing.enabled" value="true" />
    <property name="libs.jsf20.src" value="" />
    <property name="libs.jpa20-persistence.src" value="" />
    <property name="libs.DataBindingME-SVG.maven-pom" value="" />
    <property name="libs.jsf12.src" value="" />
    <property name="libs.struts.javadoc" value="/usr/local/netbeans-8.1/enterprise/docs/struts-1.3.10-javadoc.zip" />
    <property name="ignore.failing.tests" value="true" />
    <property name="libs.javaee-web-api-7.0.src" value="" />
    <property name="libs.primefaces.src" value="" />
    <property name="ant.file.type.JUnit-Sample" value="file" />
    <property name="dist.dir" value="dist" />
    <property name="libs.groovy-all.javadoc" value="" />
    <property name="securerandom.source" value="file:/dev/./urandom" />
    <property name="testng.debug.mode" value="" />
    <property name="libs.groovy-all.classpath" value="/usr/local/netbeans-8.1/groovy/modules/ext/groovy-all.jar" />
    <property name="javac.fork" value="true" />
    <property name="java.awt.printerjob" value="sun.print.PSPrinterJob" />
    <property name="default.javac.source" value="1.8" />
    <property name="debug-transport-by-os" value="dt_socket" />
    <property name="libs.MySQLDriver.src" value="" />
    <property name="sun.jnu.encoding" value="UTF-8" />
    <property name="build.test.results.dir" value="build/test/results" />
    <property name="java.runtime.version" value="1.8.0_101-b13" />
    <property name="jna.platform.library.path" value="/usr/lib/x86_64-linux-gnu:/lib/x86_64-linux-gnu:/lib64:/usr/lib:/lib" />
    <property name="default.javac.target" value="1.8" />
    <property name="libs.junit_4.classpath" value="/usr/local/netbeans-8.1/platform/modules/ext/junit-4.12.jar" />
    <property name="user.timezone" value="" />
    <property name="nb.junit.single" value="false" />
    <property name="libs.javaee-endorsed-api-6.0.maven-pom" value="" />
    <property name="netbeans.dirs" value="/usr/local/netbeans-8.1/nb:/usr/local/netbeans-8.1/ergonomics:/usr/local/netbeans-8.1/ide:/usr/local/netbeans-8.1/extide:/usr/local/netbeans-8.1/java:/usr/local/netbeans-8.1/apisupport:/usr/local/netbeans-8.1/webcommon:/usr/local/netbeans-8.1/websvccommon:/usr/local/netbeans-8.1/enterprise:/usr/local/netbeans-8.1/mobility:/usr/local/netbeans-8.1/profiler:/usr/local/netbeans-8.1/python:/usr/local/netbeans-8.1/php:/usr/local/netbeans-8.1/identity:/usr/local/netbeans-8.1/harness:/usr/local/netbeans-8.1/cnd:/usr/local/netbeans-8.1/cndext:/usr/local/netbeans-8.1/dlight:/usr/local/netbeans-8.1/groovy:/usr/local/netbeans-8.1/extra:/usr/local/netbeans-8.1/javacard:/usr/local/netbeans-8.1/javafx:" />
    <property name="libs.ACM.maven-pom" value="" />
    <property name="libs.jsf20.javadoc" value="/usr/local/netbeans-8.1/enterprise/docs/javaee-doc-api.jar" />
    <property name="libs.jstl.javadoc" value="/usr/local/netbeans-8.1/enterprise/docs/javaee-doc-api.jar" />
    <property name="java.ext.dirs" value="/usr/lib/jvm/java-8-oracle/jre/lib/ext:/usr/java/packages/lib/ext" />
    <property name="libs.metro.src" value="" />
    <property name="libs.absolutelayout.classpath" value="" />
    <property name="excludes" value="" />
    <property name="libs.metro.classpath" value="/usr/local/netbeans-8.1/ide/modules/ext/jaxb/activation.jar:/usr/local/netbeans-8.1/enterprise/modules/ext/metro/webservices-api.jar:/usr/local/netbeans-8.1/enterprise/modules/ext/metro/webservices-extra-api.jar:/usr/local/netbeans-8.1/enterprise/modules/ext/metro/webservices-extra.jar:/usr/local/netbeans-8.1/enterprise/modules/ext/metro/webservices-rt.jar:/usr/local/netbeans-8.1/enterprise/modules/ext/metro/webservices-tools.jar" />
    <property name="libs.restlib.maven-pom" value="" />
    <property name="libs.jpa2-persistence.javadoc" value="/usr/local/netbeans-8.1/java/modules/ext/docs/javax.persistence-2.1.0-doc.zip" />
    <property name="libs.DataBindingME.javadoc" value="/usr/local/netbeans-8.1/mobility/modules/docs/netbeans_databindingme-api.zip" />
    <property name="apple.laf.useScreenMenuBar" value="true" />
    <property name="java.class.path" value="/home/moclarfeld/cs203/JUnitLab/JUnit-Sample/build/classes:/usr/local/netbeans-8.1/platform/modules/ext/junit-4.12.jar:/usr/local/netbeans-8.1/platform/modules/ext/hamcrest-core-1.3.jar:/home/moclarfeld/cs203/JUnitLab/JUnit-Sample/build/test/classes:/usr/local/netbeans-8.1/extide/ant/lib/ant-launcher.jar:/usr/local/netbeans-8.1/extide/ant/lib/ant.jar:/usr/local/netbeans-8.1/extide/ant/lib/ant-junit.jar:/usr/local/netbeans-8.1/extide/ant/lib/ant-junit4.jar" />
    <property name="libs.absolutelayout.src" value="" />
    <property name="libs.jpa20-persistence.classpath" value="/usr/local/netbeans-8.1/java/modules/ext/eclipselink/javax.persistence_2.1.0.v201304241213.jar" />
    <property name="os.version" value="4.4.0-36-generic" />
    <property name="application.args" value="" />
    <property name="libs.javaee-api-7.0.maven-pom" value="" />
    <property name="sun.awt.enableExtraMouseButtons" value="true" />
    <property name="libs.hibernate4-persistence.src" value="" />
    <property name="libs.hibernate4-support.maven-pom" value="" />
    <property name="libs.restlib.javadoc" value="" />
    <property name="libs.JAXB-ENDORSED.classpath" value="/usr/local/netbeans-8.1/ide/modules/ext/jaxb/api/jaxb-api.jar" />
    <property name="nb.internal.action.name" value="test" />
    <property name="libs.javaee-api-7.0.javadoc" value="/usr/local/netbeans-8.1/enterprise/docs/javaee-doc-api.jar" />
    <property name="libs.eclipselink.classpath" value="/usr/local/netbeans-8.1/java/modules/ext/eclipselink/eclipselink.jar:/usr/local/netbeans-8.1/java/modules/ext/eclipselink/javax.persistence_2.1.0.v201304241213.jar:/usr/local/netbeans-8.1/java/modules/ext/eclipselink/org.eclipse.persistence.jpa.jpql_2.5.2.v20140319-9ad6abd.jar" />
    <property name="libs.beans-binding.javadoc" value="/usr/local/netbeans-8.1/java/docs/beansbinding-1.2.1-doc.zip" />
    <property name="java.awt.graphicsenv" value="sun.awt.X11GraphicsEnvironment" />
    <property name="java.vm.vendor" value="Oracle Corporation" />
    <property name="libs.CopyLibs.classpath" value="/usr/local/netbeans-8.1/java/ant/extra/org-netbeans-modules-java-j2seproject-copylibstask.jar" />
    <property name="libs.spring-framework300.classpath" value="/usr/local/netbeans-8.1/ide/modules/org-apache-commons-logging.jar:/usr/local/netbeans-8.1/java/modules/ext/cglib-2.2.jar:/usr/local/netbeans-8.1/java/modules/ext/spring-3.0/spring-aop-3.2.7.RELEASE.jar:/usr/local/netbeans-8.1/java/modules/ext/spring-3.0/spring-aspects-3.2.7.RELEASE.jar:/usr/local/netbeans-8.1/java/modules/ext/spring-3.0/spring-beans-3.2.7.RELEASE.jar:/usr/local/netbeans-8.1/java/modules/ext/spring-3.0/spring-build-src-3.2.7.RELEASE.jar:/usr/local/netbeans-8.1/java/modules/ext/spring-3.0/spring-context-3.2.7.RELEASE.jar:/usr/local/netbeans-8.1/java/modules/ext/spring-3.0/spring-context-support-3.2.7.RELEASE.jar:/usr/local/netbeans-8.1/java/modules/ext/spring-3.0/spring-core-3.2.7.RELEASE.jar:/usr/local/netbeans-8.1/java/modules/ext/spring-3.0/spring-expression-3.2.7.RELEASE.jar:/usr/local/netbeans-8.1/java/modules/ext/spring-3.0/spring-framework-bom-3.2.7.RELEASE.jar:/usr/local/netbeans-8.1/java/modules/ext/spring-3.0/spring-instrument-3.2.7.RELEASE.jar:/usr/local/netbeans-8.1/java/modules/ext/spring-3.0/spring-instrument-tomcat-3.2.7.RELEASE.jar:/usr/local/netbeans-8.1/java/modules/ext/spring-3.0/spring-jdbc-3.2.7.RELEASE.jar:/usr/local/netbeans-8.1/java/modules/ext/spring-3.0/spring-jms-3.2.7.RELEASE.jar:/usr/local/netbeans-8.1/java/modules/ext/spring-3.0/spring-orm-3.2.7.RELEASE.jar:/usr/local/netbeans-8.1/java/modules/ext/spring-3.0/spring-oxm-3.2.7.RELEASE.jar:/usr/local/netbeans-8.1/java/modules/ext/spring-3.0/spring-struts-3.2.7.RELEASE.jar:/usr/local/netbeans-8.1/java/modules/ext/spring-3.0/spring-test-3.2.7.RELEASE.jar:/usr/local/netbeans-8.1/java/modules/ext/spring-3.0/spring-tx-3.2.7.RELEASE.jar:/usr/local/netbeans-8.1/java/modules/ext/spring-3.0/spring-web-3.2.7.RELEASE.jar:/usr/local/netbeans-8.1/java/modules/ext/spring-3.0/spring-webmvc-3.2.7.RELEASE.jar:/usr/local/netbeans-8.1/java/modules/ext/spring-3.0/spring-webmvc-portlet-3.2.7.RELEASE.jar" />
    <property name="libs.jsp-compiler.maven-pom" value="" />
    <property name="libs.hamcrest.src" value="" />
    <property name="run.jvmargs" value="" />
    <property name="libs.hibernate4-persistence.classpath" value="/usr/local/netbeans-8.1/java/modules/ext/hibernate4/antlr-2.7.7.jar:/usr/local/netbeans-8.1/java/modules/ext/hibernate4/c3p0-0.9.2.1.jar:/usr/local/netbeans-8.1/java/modules/ext/hibernate4/hibernate-c3p0-4.3.1.Final.jar:/usr/local/netbeans-8.1/java/modules/ext/hibernate4/mchange-commons-java-0.2.3.4.jar:/usr/local/netbeans-8.1/java/modules/ext/hibernate4/dom4j-1.6.1.jar:/usr/local/netbeans-8.1/java/modules/ext/hibernate4/ehcache-core-2.4.3.jar:/usr/local/netbeans-8.1/java/modules/ext/hibernate4/hibernate-ehcache-4.3.1.Final.jar:/usr/local/netbeans-8.1/java/modules/ext/hibernate4/hibernate-core-4.3.1.Final.jar:/usr/local/netbeans-8.1/java/modules/ext/hibernate4/jboss-logging-3.1.3.GA.jar:/usr/local/netbeans-8.1/java/modules/ext/hibernate4/hibernate-commons-annotations-4.0.4.Final.jar:/usr/local/netbeans-8.1/java/modules/ext/hibernate4/hibernate-entitymanager-4.3.1.Final.jar:/usr/local/netbeans-8.1/java/modules/ext/hibernate4/javassist-3.18.1-GA.jar:/usr/local/netbeans-8.1/java/modules/ext/hibernate4/jboss-transaction-api_1.2_spec-1.0.0.Final.jar:/usr/local/netbeans-8.1/java/modules/ext/hibernate4/slf4j-api-1.6.1.jar:/usr/local/netbeans-8.1/java/modules/ext/hibernate4/slf4j-simple-1.6.1.jar:/usr/local/netbeans-8.1/java/modules/ext/hibernate4/hibernate-jpa-2.1-api-1.0.0.Final.jar" />
    <property name="libs.JAXB-ENDORSED.src" value="" />
    <property name="dist.archive.excludes" value="" />
    <property name="libs.testng.javadoc" value="/usr/local/netbeans-8.1/platform/docs/testng-6.8.1-javadoc.zip" />
    <property name="libs.DataBindingME-PIM.src" value="/usr/local/netbeans-8.1/mobility/sources/netbeans_databindingme_pim-src.zip" />
    <property name="libs.PostgreSQLDriver.classpath" value="/usr/local/netbeans-8.1/ide/modules/ext/postgresql-9.2-1002.jdbc4.jar" />
    <property name="libs.jsf12.maven-pom" value="" />
    <property name="libs.hibernate4-persistencemodelgen.classpath" value="/usr/local/netbeans-8.1/java/modules/ext/hibernate4/hibernate-jpamodelgen-4.3.1.Final.jar" />
    <property name="annotation.processing.source.output" value="build/generated-sources/ap-source-output" />
    <property name="libs.CopyLibs.src" value="" />
    <property name="build.dir" value="build" />
    <property name="libs.jsp-compilation.classpath" value="/usr/local/netbeans-8.1/extide/ant/lib/ant.jar:/usr/local/netbeans-8.1/enterprise/modules/ext/servlet3.1-jsp2.3-api.jar:/usr/local/netbeans-8.1/enterprise/modules/ext/glassfish-jspparser-4.0.jar:/usr/local/netbeans-8.1/enterprise/modules/ext/jsf-2_2/javax.faces.jar:/usr/local/netbeans-8.1/enterprise/modules/ext/jstl-api.jar:/usr/local/netbeans-8.1/extide/ant/lib/ant-launcher.jar" />
    <property name="ant.version" value="Apache Ant(TM) version 1.9.4 compiled on April 29 2014" />
    <property name="file.encoding" value="UTF-8" />
    <property name="build.classes.excludes" value="**/*.java,**/*.form" />
    <property name="jdkBug6558476" value="false" />
    <property name="javadoc.nonavbar" value="false" />
    <property name="libs.spring-webmvc4.0.classpath" value="/usr/local/netbeans-8.1/java/modules/ext/spring-4/spring-webmvc-4.0.1.RELEASE.jar" />
    <property name="platform.active" value="default_platform" />
    <property name="awt.toolkit" value="sun.awt.X11.XToolkit" />
    <property name="libs.javaee-web-api-7.0.javadoc" value="/usr/local/netbeans-8.1/enterprise/docs/javaee-doc-api.jar" />
  </properties>
  <testcase classname="UtilsJUnit4Test" name="helloWorldCheck" time="0.003" />
  <testcase classname="UtilsJUnit4Test" name="testWithTimeout" time="0.332" />
  <testcase classname="UtilsJUnit4Test" name="temporarilyDisabledTest" time="0.0">
    <skipped />
  </testcase>
  <testcase classname="UtilsJUnit4Test" name="checkExpectedException" time="0.001" />
  <system-out><![CDATA[* UtilsJUnit4Test: @BeforeClass method
* UtilsJUnit4Test: @Before method
* UtilsJUnit4Test: test method 1 - helloWorldCheck()
* UtilsJUnit4Test: @After method
* UtilsJUnit4Test: @Before method
* UtilsJUnit4Test: test method 2 - testWithTimeout()
computing 19457!
19457! = 105991506447131255813888139064251692601943111691624759217362540932863019607389531561786957292263674285236936575256827981639499585179367573674567938113845760917963081873181320503829755265017974483746140871026431027741405220035118464005360662733041922786719844299557013036188376283328286082499406936628290703550339830112654154941649867867215643373238423527382905808083038988597440207197855485548683198247861096180002947175976404385712310497338014492507844681386474560589968235432907260651913959774295542472912810908281907284644987087274565775883533045012517051093721420546596958406534061111606742321047618209318026043224428218812630244488237205697734421691885002300867110897571023282294557222326856046473514438667255865707839347714861184910220402915982973497393407115359712408351727641912801141287614620039046219606755886913096174449377693399372585917172073239682993808574216066055166496458020750986162670365132510770582713822237266378213879609788378243886686468335315617994886838513199411835953024056193971704594581898573777915280775518468426894429198744895001691040747558356617733641507965429525216792803291790347808846699938908312005307506459868948860312623190545204857527739042326592487183413582455281462085605172830499444923340234493412508066179140802739919276241042899843223870821252090052428090690212635827865073425758236099147576806649202565373446766327995165728157255536301311770052225859491325100084808598872947654997524652793594119996530145448790712015340343558508635981578049091988328604435137422245022946528250605398494528083969328144939765566653931249020294714054964661761314480813866567623956136600135015954077715442937012322963257716724003981404421865970719074906345966971917495262940135391809316457072601050286337427492937706533699347611927945344350033547606076269798798993018512567566099215051099125785926666493630349569481083709259523436082622266379463602223961169675706466310170739066605652007832933011286174376626766644254740085491582828078349967654160642738195109026001604550793412604799791581165087106235879017873099847747741387343711579531821387566215189659103920932450494202520607915607976714507623468507499627330806884251246077779079132801014335225120478502694001018662591586201648203884294392650785857879708613298573951853962128791880229524686302714931442529346145441308307119902206045889713597637759810867577066691328807864940835665056198039539802155185393323425733544883721954448569726251022550888585069194417365177963139930259896271751896549260382449386381308766514339404052506839023731103847904698967303148722872592600802487790990433594857640630803132398194598341688578035803481695784658605049049516953271095085567705158616009587927762136168277484990053598995579497344914250563869560019332277525100210966451960638641446562455787117924750138268141574152955297617674406693995780919132893672930669052594782788097189626528376405647431188176988389855910909655106570985824206390388652796925550043466871136378026051651415309931001851391349438840704771293492443531505816472560385685994800411025503798657295125092950007347185751853743194369225957281874390821184763302224524671876966030307270342149907897240252353970118425617074556269687788372775325929466610043205885999302007827724336469312987829538266099321933908863439580978953278567514626912017110940873876302120171742019717287953990920964837746886006324755444524103665060997217158769025965343982135060560887561674615541476568480350926943496575684217238989694699998256047967125551126271448403916719306377557821047564225073005140967589580933156764226794116588014308643064164432386337164035203330162157686121248644157716862509562042746518260688638720334025815728494595324173538505506005972366250711981523875066026406245985974714145984629655344039268729271528339926072928841030349717132387431557641612893576538665636033626901655134333943943431155424150543116889634758877885242609459108814540940191348984861581345904636382263659785099815494519216919829913907998008968062490907119518380615990221227945078813435819247085503796365204504575190015601956711059051806809693725607125126732669572189645156052111042766184556925968488633140317923512733376589226151199771206759250550133586295240625139039060009144919723289357600949820657557901426360687339963235567985736601403944270068862585111264968222643503167413637727364882811168235840995038801701272277664392187069856343596251507360483085886830223739040961864262752292782397731511530170650641657009437177827173656502229413385254043892691912282469214429729413992290303795108624028063454881779886959328906441849351321875986899461479668413624031225329860147102756215835549498550673753364703776707949351341217919418065414082582513631546046386521323806378905871063464483777174100146782809417559068924531170544979877185406158093349411270188766274796445013112543991265734773863275457678815006092451514401672179619547437973255784072499805670785356423576410301212424950676019539414869268336601687387550182234978062431259464865691084152314640500376619064905100438184616999283201916913520704944297803114510892154629854750863644937979087844466137170857184636120769106777410638236863919192853386103839125755985631774188294157935251092357448554265691717383254829203388267747885122947311599514858850123622730220939772379332298728578307339768964979385642653182747600958873012662664128450369936750530127936917784202297825305395981174831287685393975600353284575655400697529911392028101573043556017755482225057908217191970099460120127644509500053444136275709956179604685731662242897158247002504538683421834169363838253818636642671058322936023974313547090181605163659059812433033851049666729661301425591880249258643664918416895660556947710736064634596666101788663846649152722431022897684967241372778045563627806101620745741939531755998727309392827814762022110919605757568243891573148221651034471874297179034537699214369920752844597439310259797247681757227411923342933615632960502965778347550937283546162599841589384427304716649432274244258733068571874125977341445068912677532971407477022750576313281810714889893391856210818887852552925947098968558641529063249317849366634461542825990592841973858334877677082182671786634572342358354603975902525867881628676681763876407077524223236189122250156739705806080124470943234715878659106514722041680948242136264733655321134775707612633204589538653711409301410744804142549608091672328728883974825710549126490604534702442852491289952725524300134323198256781377302724658395514880489605324887933134323524339287538009972001159885889012950397513903680857257385637686100552708938129274073795883375903678460369026533299714317694644033981030409622722477002846686943700201481907384514170449304096879426579077703581748372813128974521548867917073077485099867460109579006041187334194682762481868206406764488583540743532872332577402466598080799422884468137984105806085856628669100460075786972544877690527179214813638290348496537376594310929702249106371471033252630642142996776751083316280958379706570248287858323171024030187119404193585001092667744173276593288781122197002843273665004429136421272229429869950867100315741277223789221398091497930241593766082080169461805838016051380728742401013145104516033123602125589780043917360460087763915505618045665266432421439044487310421223359055708974827166321651747403469302982752646610700190716029455620983179969338538417326020720069824497317116770842882475817596464405280756193789359001525975746509909772530422211904566549362246275953758458472621912751315699280918262177092164091363945940478574783131108120381837288304076366912384195767840323403305836083788633488478115339193934145258027599171906302153479412086919587943034743852298813635361091796062989934110565405184276227021108513782517389599591964376515911986496926326908211328952361563563035407835671323432988349068848547007329398925504594984383511921820459267064321966352492505172811169210082141709609337459226428965750423283700038815942387958205722348401675706929096124145985138517925836346435576480587604037661480972465727340941764340256912079586576951298585453344572722065804150587881812910612922453338037075110615161131357308527631620806439676853241917715273153804338107920921635539952975081541602791469697834748828169847020963293556902029371433344565500448014299562383356215600604197797933767335489396039174407986365916299804101338314780634702546514209478654791393299810249619836704622875537021375103650309056170659210603412698589103783373520521762299596962349913638456774135805771451836020299453849288905608861894225086034465290859773354559843175573276846725051834713235053133257243285047055219239925730097691876198321304926436350333841402298182214853742917282095577105017011314060614724800551645542444438902511179205099950287149318499599109053050207887496040679223574681385977799895846462354305114612434674931961687546010507357583162752525659643102856690026491060379950301634303614429836796025379586191405680773790776675474893085392614753152666899961791517237615379387867581303713090264788655000029256542974889773266217754247207128567215039030146941086462904408482790920790935141808871432556313773579639874101577604329503688617408726737007246024980154908126851707896111723800614869390648085959952888031815184857590094383146571333797776895672946364597658169559899618851899550987852938142426860489817939065717936309228051818282641545319444998718081355522607352615775845409398253403498953439476193610809690793296200085882456115277283957409568747590709168827049328256055821191707304247885310086656350880531961172268951326610412858635873709832670086853718839198715031458388939717705652741959435350776992077752978313904156089972203968482358908461678444233960815728891788671265953903662287612525068237793268795207919717810567031200114159427026785547190920392912624957999819944304810295333012524793326856582337126442144784713903642404536511934380826509290944014405439419855897273118927875404322639654631367711156990139432760906477956288769069544167758940590994980408543412324152616228966710494200707236422999148266520595105835015409259428909506722903126992249049173857386250654832308217027040268706433426288093580635035251540671993447117692991850900451760952377576418274892282240713236629543014282519501958257066736175530265948190692704611773087444109626712902445919702485753509472171872572917089080975775625141652517147417227163083371248231858190370798622118058902992887702856323233891219838104886887892106251791327877850780387676769650554265841292303313480274298837294840331708354944998904243072391838915253209620528793626967610587048471283459381762809346794365476688289981225334571300751935567913052583635086812173580008509402356550455392420489538785611894781479208948915903607798865108591988622397123773403531951239129043983016396216765033756527745837938487377231250093107234698890415123408378177239092028810777118502942189943200407984806485687533091089508887381751635901400634532919535234373311585741045233354317916462105176928352554317141256214478527968602621685949818197828484999708478588653128300907761570669874432844213199356486811206860586410100467697705364821146529335662260526944541297884455589894165505508191852077953574363165261185804975879725567473257521141747368054218915592887738644849323945040406255592851654108372947490148502021888748706857000773961566125601148434799464138707142029424432872491556570002371831408410762613251646434106367316933009512680427983340482887793493019242066918303665429139310712412093844459153912078311150438464451037358588540416028781760189596399725992897916467625678044429425310824219349704978346246978782742551014896385126151451876096709920233124691577585640778413346322781190522341188650112985130651660336505792259705102997635730663760718284111192163306768942191336356286123069155018039128252292994533195537802719313787420619683118316462203510830449161494456565500915760352533306342720547519075166151991865747514367156337416138554282318164490298135194278452199892267094524920422643994349958891598425153281769524617177257290531893797432336327509895804141294547193536919174390819826815399975580510598495551339167408337536049591102585228793843348386803448834950931687373713321924508548163928635461109397912862834113437470976142280606603256856621699362479264814473386877843846639709840229007078813724169743289117063178847486539280849899802962682688708739475044925330577659919809167385730163707810049243155145758363908924075303523719097936835586424164953090948744756465683861647771461829168161236238575667629483088356038229675064878437017177663526364619396205133012097251907849958142614733322707168647210838730840061483905284587146006966042164914430540243546635886867472240383069277002107365645654093776722730071078527619656708893356909047634195052628984593699124101635051079058058305873392537762078411794340740520883185496077569737041019674992768519743009718840345650083332268961322909375874053065606358154913067813817715397473043265903684945300884107922167332232774121667446605433212712973255737622506752602950992890264003562569868582594559164018665441575172322239508373941026477308799831192403603262685846229081714595554819590195310588580453287640302807312124596045983862049805434326916397132120956567328638412037518576325954965435788007718963754462293228410135689705213744695787062537130734571538886319415783040834576179366984398478812623459793217699705545807504510309247820214227288668258882994353155006612144316945298693102492842206860416083519623177917928329137087209017214859083487238521537609122281419490230992819917290186438423668392230588501523865308857970469381931601665277733407983332840623296382883611282103626985409037814127189263010620757085616254191431015542422149964386255016957363838191794648110708834123103131754781602950387440423678788629101165139152210214301395930469250820689562739146975728440325887258242050614590522723922156455271593388570042708066042508781587207962441389455273429870534318085150919006241446077828673278218458432227218579662572529944960209327689213248257474157655774507481466092465560979447190684463843366167278944785736354587982200616383265023181196388513055724249791604535041303199775571157286411750041460695833767851287093264187955215807143858736446533078107399383535338610432003175359087726149915560198547419415340533681151359704502895690212545520596504017978659864740606886422958781926762607891383599711743411910985107266543800671182186384425631541262743634618794540560553512931757284567852401614069156293089944846084419888732603956974523906880602814696707508483617004676296389625055178503314701569972760650868502921128841801655761470002955939632920087012991485601017125910043020449442711810998475107908096759337693350323551025462336937978353030519449745636872246512107911564952522370194904810274986694602717128855337839012813108661529137212497405075847527799196793390002605862141878042408737303729744141707137515487845554637695650416725705329831794707842774385938094012885391475391874561115820442555406913459286145271226526585981792201748228011705596695527251918035649741863005113660863529880444868609027643333145234378311657975288957614313906015572799290894036344787748058416978257502865274911277704844507178002874273391193505475000898398030048711531532734513965739172206931109470298634190052240149305411711216879111777380178889495786697599320324688818049900586098079043089020849547881707012811103190951551874161354565659552278107077053042313546475428927883069393172778864490713800875958225864080016240181970781730305677327460289170005520044618843758807913034980427261554821985704780967748767507067264861708408591102786633289763164114157128491086430839026552597872548311917003434101407796230046247506471845745986837479552494026396835246181288300663816328050529359440078784027950200716979767607612035540908601866627017912756940543964935958679734183859120992368079879495455833878248358858511909233309324851003611172348471723059716172872322059789351014300753570679919670433665413185131748617478733665609066659272288512245713186202433760245571344671778721142023765147064249528303194209161438765163362360980571556402192167972410463672651988160142058614931681079379075013721589834770240906727278581900762829925381022794750402800409150521526381967035752106384527403963297659628176511418300240500971610069541293106975059372076784882841952691055015602132830097208200303127916449434497617427516388318927237433972829223518961342159584111318541706415212249275292284376757440446596631102117427188326381021444178681055327409212071435845362613280845737952762266853434600965654971639415669010130114612482960857767210428109252642365498322894965903399845705270792736930415791603591404677779457903118515851650676384899333263986569891651933980355237499704913041280071628973640258588208263850169638824237770181856673610074437028711585875692675762375448316524263161529785154633624341618125321079943885982732999046210866276623391930087496096613878191592020358257647366261504306720886324708265265031189856783897552205448918091237244177268080979149540251613559992172542750526272816909319871862438365669515977507938232594711055772312496392609365802081990028803370680893517470658382528340703984043588768632579264769933465403651807050071734543586876486272043087482250931539622304916546798882026773992462783300196413964771388842784791987791212956429094290300108585054753296509521979295032153219093566759738514970948703379465628059723512262706763326799744537007210891088269157875253013930328264842283466857669704216471513771806031788022405030390436832514114087058666922914961640007865026753622884191461474490044215363048850852822197532344519269849279040105584264407605751864095615015081756930339493313819092213298488894103781530548106204192108746724158770421988285121567465836378981050101093063356346970483609177668377254499193798211812027699303543595478123736870901590573919919328486530000203444907066978659234890904267311681805400303705927898206178390092944172469767378374598122945972813481077081885050759708521326396234921067566148702870883176137527766617938783078509440728882861248414975510704675473927802454301842394153057056039042722933793618203564343584542601803356985166828953089967075792354198409511579374438536809489505512575201697041360272880075913932453275670777776426598031470216564720723064983616990576570628330490132288684746972324352406207153349477436830607658334018750859386180325221428530733808330285232730102495548716632422930397526441141092910679683608203327502668014880250333754908567174445974039438611660614505398789532354930159775167318542875826303455764199394290498534129149787374809573383361133281701172880196867304809713748830317075322000064643728780253164710190781534566123701952890567942095529553747058491357149017258034769642487405538892421018638804277657188660372999032875695165213661994946559107023558422802035671286757899177015903904575914777222703406310221870447772073290609848772059369787527770002173821452890963077551129941854241417459231109817475575887319458255329567667846224541631530690894660103944395705440296941176131654212502364752574571577878189256070566655919460604245620161163996159004158770807359023615207902120710731457495593600643994739960629297727190199051961864989131456442040882346968555567481360776056019071400283439495536302548141724259563197824656176194487279423279515642003648935456546005970090668401709797492578894564131030691248485712574759222344245696016538691566537096538611447468309344541015729981366563199287615340283224049648279296213942499828587825528240553473756331213900700038966054518064952325095171831710064464013725129034872080905857694721927710463997952361353102515937826542763201124218085222033974263224488049617456362619657122228754280202943494271891159680282108521664117141746322232489615393434989623675843184406489596406837745846335384029045716030783785135004512609140976121044660314604026789763437308583247936760808860297048951127817009886693592319066933915465814304847199411340622456466399391636854789623026189355245445992790898368014808209179387062582069114081348696880459590120348173080711657664567486717259667667231447302326218173011673278152512876473433709539122136923082736409305358149609971024357910901590762886478416878777515728515297136525482819945255362824907832684497151412289082736440556375164561688186891612103810146476569998581769099058519233018454288956368603863421955621050374480149655556460896012683017616394615795138729430963563314750177670759445702158012725419960861605726774546324793163383031344612124981440659361368340241892188555830885155950587255726877160011267649669021559377316705008587927375222776086120365441660316724055227099998235606812095550910584401899646049642909535986028225612221528172228881355443718642288395826677095596434857343856156571713743120341267367216604246688778501394452065927278168726643570526065109854605433091787034281337054954581321042585667396427406764237400477206469295700370718722161011629565743085061185787011829303755485109730462090319741869071260419973178010464769288181901615501122351579915453613402724738307047584050129498193895987810318468123926254022935606271838435584408266524984569544238719666146540272806917114928534232547371057343331833655376736299220292669267025576126768997439781592137429996735007423000996305931809789353968503110543244242936040156854456179994810275057161476105611413126823757125965242023901435858313080063981258365818671087193936192342441880583670056120238819022681241583041329510010997470936721644380306914193256134007820749664797486083082706054405943002107730383284839923691575718565313048350111864803110323115288482445510437571489095084283527942884244322275378556007992745699327876947975746239862896710254445062617908372451531903745944604719523513186609406129587420666346248741783768119691326538491439950827356287786682288804415042393066669762681735535844177612473978980104069619624787311923447844369312180354935470939726910660643276823501493416270699331441210771035033947546717327692009608403053196565303979280763622070288878637548063821725167443803257054605184866150972379551247394717963868210000816872071730334065023928093330804205205746533517787751233784385511443763654402356430887731402037708112768167658556352812150640943534538595026153830781990138109102195740094315827826860758699846974745661186805614586851765808409093521772199391758033936298217119681507830013580631572321800658515270122212729738760023335961381136256411578279267661805254095536087889375250483189422905893366427311575881918306549456118092199465424107729021857503451758624443372132921683290710472830420390177005321281353489342488856757589101411987106300972979591139114268890765385239891152084808650948070770689783959660969956256213510866892601443842282218192705636368774720378123712889538522946670716418559513017724839036215457423751983951114640244196967648673010792384251845277023832238477813549588938602082554584840773775649495555227896205333548383432445032329613446809167526529853212319817072667308650773269296306228145900137827822609943845350065693632954195373753162164503894313382915405094648779844209898572725765398284328506687794199008830470854267043060899072122911635901046780052240736388473936471185558920008677171607181588077803786668915428197054902372927763413131612406926343445238874052512357463562735023083613459067365619085601279028867670474855401506046845907063004831618641769562542167192575024929588254083877593088880152742655853869622459645937345496449501726466569290715317270568010216284219643848605242965605780790122480529188977412749538570964837906482146022590001833618967050202161631362101410566590205363867073988373801445124043622402236666609214962193396501156818434613453428034915107850663545554634206558795136968852894452386461274976734406593065003052787878934962826880851729039361238324596312606713079093704090367866304046818726065020691625939479204704293071660133371434365919417387337633475916359183607244672667463075435398977026944074387135193631013658234024950534839576406633463954514019486053895470201865498058227477739763359137816255606699289226076482518313056739849692712458719444603086719378996548464522692507013693482482553607673341555082432913955615864718079647101806499326687335841097343123985324382556429347397685419061193199522731314046748153497376714155401515572391622290215109429714006584087262226756891241474602752220387243141868606742457494714584173043448570975262802553083354901015687553531703489064118633329352216562419970135442559126007428875200677219802706630032080222186713652580345602497309989881266145746837411028640587721792163697823117499981998877992687768199416609977165845939877687922169271338253589791084128894977613017082944470495785838304105952986738415706439928639404189539314891102169273135754320308877836399692373034674839667456121854050259138617040473361176098256456508909078835407855995443700285450706217309388861114359302240489710280071966823767289092471267547157635557551183639201803902460670194447500932388803276352668938504807671944033317498905583628223612008320255707647889957468664435266715146579559090930130197487606081462441401029268857761907582144093870368351742511842777183192315665619887429888752720022941571442789111063975394892458778369297072391433184363927201178184578852846123354102938232526180174584029603476548093123865818908055074676920858595940091394081481475872518212583094918957964384740179074880359478574380330814010780174205665278076556539283456543161166149422944197023044674721558144738082481726406815729782137147377641978092231576670914690107728323287585078166436680230112539578642615367083519048397166009329050505417231118735973970497584576643856074432292559577852520634419534251017903640330899481679170746133789844111066240232916004651841446346840472204821352328162825648746534452064978235877921295398397201029743828107821785462728377661348537696497650427162869419918694749301431461091599729575680587424857040059315174298717056474755468727857801367444711526615897778217099224494904626741058514358005721164093839035211186894358868588271462156156822201829507656425162919514026887620708171670607896577230591665006448420800021299148171551605365192236827676900976446951523945117952423641628273995855598188094672230783813669348278913558560446487044145691548085348414703292279485637986431634709644229154829320960635282244100680520895894511135470378918961221395601763086964749472901946412646392027159451026530623228200508020099927932413132122701438445076465049292659735517471629972231660317249241705919192937836840019407812277393321279117685056528102407702869381433697090195887820534284837077060046855798769703195263170439695051669662371448827557223658171612360328633666446787011557941253381321767480330565292917211508721199243374407296944048100701905711907379150945521103048909893567918803620618479010923519961435676305653070945924588096642738383418554469475415135480748288490654835577244412228864860596876721629926602965270143953227303915673899968214234266320170669720782081926741993487711039559027548231780464605251801142322914560332849474762814044373480132150835877015477658650139182853839479526848596341093268088706060176066219913962627900100279825071856020739647537950374591060672187660182855788771107313803135907798117320674484990172377981502469283981523282166187888335044372169201801747001113201856566639881273436471953894715585994139608317939258479985083609211678337291437937255495942745014210449801739507736596524078478977776088091932583800251599340287377672311160544727850866578817152350138867327871507979369906948816604118082302906729934338961730027847347375595394705585491528095430148274761944074569959662806422239389136526805589716406145159173871754406946104666501404203578275275030110516923740977128988093523470788600922306843597208527531297958315238203247501512083999266566044217811156565779353582808338139613482647907828606683654417755832074578861997754963852399905195862215190406600114848335334791465969177608357397134114542880518793284896940867844627834574132434340839441951084590165272896086803623957717894764279567350683157491324206834901878211368517601619666446262107975709823345001894288803406104263384315976217800643026784997533465012049515553530691660559573108259154775477016487840351727546109958204882292679538915653277065428590626232607312438330215114862000149592291651933807372090221659202156771245735803457445052313505254323480469019428594785943807332772084589852010212311735932395553104989329501518676825236242123090712522997053283852692122544596179092824361154010296663500817921416528400731129974831801335684558104852298335281709041255913804869401679766777474530875783872098707089773193607565255801909682969048804186509468197837614495511755495912246784040158712612179194537519516301411692808510391739838331736542146583969550117754716686132246191822143502215831550988364987722407247485694021025702124025387958659291879287242498034181489569198364841833993782771614555873221097222469435082945778073038258253912445209581286473283562251029988816872083271345826173702259415370708679160700099485474134820947279843813894180566224317516816616076487910716876287874730449227672500222059855809648727571666669817021314747390458796761013501756539654142220273481137605327431451548524502831798327313028634057746510062977947715778968935755081395503352608540161046395182714884147273156154326704011021396851303561581368733533974205985686189794193945736616192707041051741613855322451191088017718121978789165421237476448172863463065337498335418359400378391770982273445371886389114587717431477081298375357770757696264459296446648504782452585854242071860597922310148509731425219684831212467775551056524257383153403548426590837939071373000221801706491512589324785860209235661402001729866532338069258486358230691254473355290852345599828496557759151242145480399420564378851481535335122175796286874785462313893924212607478674197791020217164493273485082647415570137328630483623439326897553189200969681892904258063136658437233474611969940842922922093710716644499848438038125546570179042853863667696718656321473576646327934627497536679698002387745176178214637913594037067320338456941233801748214676067734184227872146859911236019221120917789316707613188141900682710626992333539727881490141997102914711425442485133255581785647859722281335762877626406046149426066502862718597454156934551575650632927264881400329534802494222560543783377201374102411847810805450168237015910199108170202397598247798499976710762051942017419247429794299117107374385734367216429682022053552214487020334057814611876329721608967200478723305350498686707331489778359349020287081969490254679364157750481422499542201882981605114830747866716924474833319506768741141202069969117958544381890030355969115879044142004808263026207078427724637991441520305035700166170470986425293599225707697495967877681902025556244664180364371528671609127268029941228153532801004907201660175202759600275192190070827200141091170590153654599874118784789264718474353540099592625989144279015902021894820807563444834001271893086152250446526914750897904634505969324019997736627006221564619830373463248550621700010263378965752667230456114848209890875335631114635353024593532517180413433119112480000966909611125104477149990473742855774840397073924212983434384076180267569522966866351144168066456651489968402045960843592616835144895841990104718072611243601881884367523158393993095715307660848871682440009601704111646699045220171757015441953800197959860521268240047246337672529131851566740479707237568863096417648028236915390991904456470549680354844489766506476685417269289665325965706624327572734222976721744118906476287283818764114715831676464453756022679202517534146325542146371890630034100462469758658385132733184146518100838290172969630308624243748369835882471427092950096055589836390977226200542531848495183600794653161480223508382200143793606803255555969862416511859525465427066454011874853176326189451041857719746462365480201586440362786750867306305244918140313227965210505399763888220342508334391759445962028623701688527101298418341826986875396380593760028672452134655684041947997901869709551498115487040821451373203376261994147926638150246302337433171625223191855316099564304500111493315513543820477388821694517178192613339412249077478865221276593530562858981907062319319664084534063098719376745974553392280352045876260101240006037570446329350864639716387752433081366174452436414989342701183187306758503548658741284697123153147155064370055017808039272345057108483233657217696164722479368858669340869253812790262786597157081180268088728054609747494044350559076690115759323758074140141503760991432706073750056453928572894476153667524218920155286239248190659176625839043315615692235040904264622191598156688961611504440203508898144183135770101275446337727408197143330108505320906686641364991433181622963532392686396478750608596901759030013319160944013380807949485011883643159159671534342271793422885476073906544791972072285835832203385981697063119934168807155088805138245019112505389099458348144670207267644400685765667363689693192683330029280936488771257178588129607066920110163503735828424474715060875922725511011096997582999439213032937969644805753754113848409649902047265020946763843779521447381789086457273139092259737223604384160589932592745972799211476497405028379799087319998759923136597664956506170213079108801634174103844047647103057059332565389095975775743102569958660085677648458780198410764900809098304330453548763835542427831035945121926392717595047118347533970696857453956587603848143490039904701869048101918423130789670195715429947048864703620981406469138027070572828093492150608043093421813126185517620928181497430904340103018281189801327391687639303812298367580045625353069460917096131679245567754130238025301020620892040956889067341368596123964977463067920672860187399695276390582679705183603030145422170865403762995093284013019264311086629547104806618508498327791491286591697674734647592148930666089747827163303353725584606324887052030711036663103772149988052755821453561194293295535151158002839410636035857524252502125330494821538703169604783925350358585188134332875956180231701241561930699084192987065527018088260361727573567357066414305871044957528296282275845021060333617066841343792478247700371851419634363280831647464105680093271998930949307946145951163677763731506221775210091920815626382214823511865050909349610111068341552925045057927022059649135785907945647182763210445529522535759423413605618742898460575259982027960023466447046772125358152835217928799675877284496365121163580835650458258965858342218620978870337761716719204596321247637650381977597864517816660299647827220675650818537915234305329079355711136689217550965787430169724134799158893455647882091170087038083963725504774787134810463652063401828907141806645419540515388778855163202343774248588644605652389402154315707593150100823634615982744612037673588560296237267586075616331144712420881119093986062207565588003909448360489695723962625958413427156689719325039071520757266785600878685696581198708007649856600810704469681975263435737498119257976007511425101071968921150233536102050962290355775981438121833534749724145800876127147881236986145146538978196212127977301945531818053838236603281397851823300904374666974107474976063338820693085226902337698507474661783559566181067665710301794597308885018889342677527673249431108912462042742309600580402649050928530424820877507785598965815789528935750969597888768252759964648851739977325812847925677214258376043102230276397057881085696127384029074445505759899247144308183063147284224140377301277377449203387370940839622348737612584335144427172618107350296675791010724967937229813632184322319245674467695336575308508049796303929819285966822780766872491459637618192062844897897584850285838438624820515626326632128657752445358394749691507462147832190646320098567657835157133629553746770196993682615329711087088138795276809047962871767535788521300211214095031387975140718297368978902199695310019793733848085744208384415459759830949179760485896260656168113145634240883715829523751344024340694934715579576465184016940428976334841407692442649594071030013895496636367936355803037378555400253667335717520150240889154609672948739629637721233539231394399707990318167499308394646263057908508795053124952309475778572206674617368887197191259940927223299465422806211600729736163809892169331097528625633215298466790191252754279640708559414428185206872162107322985777613170099350662612942604220917330897378554524041451689995304492820407601491385800974567077833479116774434649415848414831300639578926764128696594948016161548051602301843902757020666368900820093442303740897123145676509147710473365499145125364262984981482803616676387382751918233664662287312072664520180871463631515154448491596622220280388801722781164590849812078627258870847568087864687955457949339600717557471709107898272546113260798992024236488511171784962290771195109147916167370701263059077036990292968049635315764002194303078747488522635556503352086508185943159033140439208439591450571337412705739308270921322863497964360905200058217646923495789403567166365737623333547151558141033512493048395363983929024325881183994516436872724644567264557847391502189717042705166540343535077022963901553801627884869295775320160203025179672155431778330449386163784000954864289604367389220546812801932446040512971661819909983019733082380998665518055868061619537815246517971486267898457512274560446174495365476065487883273989200756435347215472901654198182247973920676565991277913749076454606579157622362807976326756256501950422853129331711357132696413664005003504611990589358595138646783630045946981834670473877655689703569357091988051960200783986872051192060746070926464351696529503347091661946351525737711557571305542508195108246464768375322704523458700758028773194625520557966916689286225120881925409518606191942159499074921362143107361193682880266377493114646735204848568463437987532723321565563992123825638382167934409491006591015019073926538120068303457050937274079504747434655895096501380545973335714790557447224922741787813712966569480978604810390406672475684590461738625171786013917595943367166359117803030670311678717786145918041528830114391886981529958019437207082258162812445568076783857197368713541788875867915945244347891824653243561320400474994681290930488393163073518371120107322968781861306522369396471244479214902578893245968245395411080293987987565077537563889989545983311339124804329515358352356745353196693719827783754916656496589419369599706161206102018159424185324446404479041171280560861593971514297884420574188122340362185551201581960368182113445641945881072993810401822524676202598444100377710636973740259082964988265529758836191091625264666007900479026563565134931867688912973226167996672450546318905873127851325022695958920641751162989810308534042924861550782827011022115637550515730058831345174613418038212056590473452397085000101363559748927974500767298147169293975170642288852361608255283217822377084930486220549748221748286152611543732238242654947218026695327333474968901495142714252230870218844158774087546162206470728876751408661544562653991852531737405915760661909471427470923587955848243498650790912996024355896802189340583183814537844461181114533198018916607737340360299247737353233017810208046456341620411533841262337673423307441177500757641539310580123443333896799534563509005552914846259247646626387565461064629145357673162300420507882158234155243553480453874149090634151209027159068496194421694190659209642085271228611550569401156171093378742822786017081634857992883597033412282355181640433203768744553600020456643329478444789433277021965255334812134025300787384080828821928304563236349033725653882037913034612401171226669957573900305980030371666634457491205998122859145622907591283134379858162147393092035206334740346061684637196011822099423732006429729811934467389785522986161209946733374427084556764862435506490022439922002296648208040773877243564188161273515661271879252209792900761755428319323009349595013827152542876696357574685326866564733300069520046145485561282053854709104431671377543151946399834157167830834773858071274367081026568581293456352578465274561170030808057303227880596608971950332313982468235877259470025482257261565736550018898388783740929252776115748552854343813510963788070604497244804910126187622977135937921276759114310837588662989359405419665138224514810061566250600967100680204323612940898848856712497476976904433168425698511292301403429982448316182104365167653103092597773665506306909672808815924263723639048540390381523025911989443301139934621936611468196988968684543063342639307863776557047495920589214529147320130413704928181016056220283394102304297105034911409729853690122899004040009208946312163360787908323290842829425420560716128339484702077402345248231424510877368844732461303474427003514883190551209007069155852656947773478546994614624299672612524096055350484920248891580846370688548901120318674524823516224768847809025759925820781256345612834827604212754365907157778515299542691502729939937568157609775435147494775212909857003837418486297688294345191916770825230466884077199859214523127628149330704688792532864196368724330116875562270919959759941998132475984795922704378683935620468119471388195552236851882884694559382601506276678179001110033837716870210787389307470940717522993807743186014462880945178246275410894178466369018122812033565671777765373927329541204015464585572196630270178845095717510968161664225563004056038290204860678519814595740084577454384466022766844885228107132940453838614151452236938905372741088082819332361133273209596737929162111422030030971354197350623512591023307547780589075685698721162127478252797483305021944352265105710180249415415073434762754693078041985793950676174649108557287947624898871601787833217431373603214507046329203676270438645638835430803039624646706369014357872976805925113727439305552642090155441361818104996818864731994027735651406105287866109727588357905071943477591733323093391690808670720883141625724856047198366404226202941626940658611558858940007888435651918820284160879018128528353768647065466145146491832134353168367114860437999732462228819560206182998141495718884841908647995900064866888029860664446767958649469143312765531472186795876828758439001719403340562785103409116325164133055499808828029160828967459133329550003150302787482442256503473509836025217521865156552467875191667999758286121804771323616963369599627518330153416242550424893664321269814082990777797240576104969829395192684279044882955163541340753357633461790987130235554549443969308328744999542214484896416782488735069138316064572471799316046428089598117029858020082598477704189432445714757002272015090172753486928419629703001355881867438474029169199533419528869506135589288708897599339710139947849682926122408456739781379610851147174579572317120666385819593028789874804274115941943379224725246514405563380899970369618123802780585950065193924831813406177785591962290876004428520972591189529149162234651297415399853389651439862528521095540469520096213014370525849066634645907996091788892823739444711789549655442493780433935246152784493006130064436222384088248772394544593166409426997256274845620110245269550798309370358759330378512638082048164623952597050542981189714024425531505681186731482944961256176692439749021120239552913397426412278216592432813797813835782127261084979470993062745965964593011737546544540765678975335902580416621025366147027092516047038743623962448033872506273640311116307743396352996892668275409727282659832150186058011627566483280401374899918951544765414250217085660171951422424107699023061813969492429957060418940760595404401529352613917205420572789609521074457338918734153708036313801592280999417744869011095938435379182321326361773365606147990017520141970344177967730567240984011683504609821067306288632979924912832110424445709329307908306838836686120575518067378198984006473753813502798156110511783025827818280672140285823484155468427819824133796446791387688137841693311216814902920086657538281964071113341113542111553745659153501561252128969591570871935472254924871021715166059470516808714216723110354504994870218725550854197640513483315421811993005087820152733907375639490342865479553092660283407144965511717560793409644447901656364746885584411612895228464654305163777596403964802709304359142299963864718367731531660993550637045838055241334396235224985692405176778124114391293611768276647692331543415048999429421774771734379957922966090589503541374750262373544290413951892745059605031371222061442899760984227130451626543064785715541004366439808354791161467305176197118952701272145178260951256582531302594641322495243938223652027128155454143745697376182659664114477246765654345422462062658228175684341718664654471713537569728110008716678583981178613964950398009746659293182999958287226080624932814982666093163542714101210539706141173952870008802446650451123534783901747851591849671688293993425716200646965121924738755894304284425971864775373615295072267324309498726901073744241575546168498274561237513653807730988289519422152032222154582196596290236309248871261244341365445840946884577650784492057266513496212071173180325133640827794004823339867271308164872684001314700123888980472310031329572337811685731212854883432348439620517948945484687816821509879202991623348241309510288144453790957253496272957376139069446792045939101926433257777992158245099885469680696743722779333332071895952995620909986047811493485199425710020943537906947299231311004026217091843722305540335880762768813880357078759019075345854912661353675625828608302001723718913997343050399082259049602428164467451421018858855509846793361779722534669812206452317420819817957481869424635767123904090480693045732173143746612253765046970893876582816160664980515949259443251045047663482575387641589492007128145408338015641055671170340905949533584793135391873138402519426314404807531756219152814218326264364855533384822197180518452118410386257285320145332873313545389768317265984429191018223542784778972078199253244042152686498785871308944840405738590996028165085331992924250154112832890764496815255056092488185809190267374779056525698718025176626396616701342617592016122063600993220590671413987641577829626741458749692787334902891923058429638641367149135018918921952558321523198799075521826787421727401135085532744051005637746131190140408012340834627344005303138408696312587693793556029446357826075670443772081043171432552219236659318755484059526334542640856600967074937499311257184646446856311098226559768450522438591113834904642461563497898509127311568426055008355622231039119950235760117304264776349150463855272815124280587371140529471716532933190903933551432450460070306235814026213920341728883220629759925038718563201995558570413715888166318234144153019481548494005846281104630555848178974688898962565785784014434028876981406943554206267749750704670169630123791419996073265110326765081021040927065196013254950943786133521687121864455583373137171024242545225007680232546126630566680674819664340606152501462304518893765768788610454916915532649924141410111540214148912019315983480879898883977599937058093517830399457809367295979820828117344073093927928074016652319815773487901424465554281444717756974867461360345923800408322825863014102399267445879801612659233965772537856252275138218141459676522060574419594603543080163114103885282814530054625902287445863955762482224449836106881003377060228876875343634304106127254761342573253969008231034233851129641646208992988314467171961221486000896284887322162601724571132583014193695122729223834850713650634813546234672529740918716731892169701979816945883977499535164264657292447646732873860773817641359376808775922598883362397243575861402897519738649360476364230511632614593243247995068798383498320845734257523348772540461505449208924090846831700742157948395930451292847600795739045070797411500910602257337784511064240772776317950954061780808468540315447094044963887865499421906612077525933213085192368659630589711440738112486720598739348207311683889586409234775035596907757949391363582650595659348227239783362451210505747570642406558214839705820945877791067622068460942145078178069584215526650170822579214010740590709262500470181130781534103090320505958271257119495476949359474479096718709599209207811922442847692620181230274696625047190493513496755174833140120004144875193227955031823910091031290161388376000245854714302495584779494304732881806845328113377226485084827208542457584249217327874868964690163380701810288898515089816673288126057849318773080578748319737561929097393697639403460949694209335511365999824605425226995832496211165603404910344834801117855533204699228984294835211507092659507691390613385148529132307991888481916326597720030909756415576560901161819861417101133308975652558960134279308451755290425776600931424093723450941878814745077707702921467891781219979882854668415690659264669581137991996511060485388217222985654823488596924189942050738682370524497001067193664106256447453996003179908034809613493648333627921419276548052144186150058006750769961774546174155031267956951932970508657225638516187505862327987003486716121370016306002363427851721606375503329977917863016747386071825517825443415337588042317748820118209635687204017844246198605327659141808132250349448541266521766441637241086906224721137521036705329665208995887525591147718688305695753034895271916082797537551887016306679607015169297377765211158821821494760781006902944852926223801578341391440495705065215902594779385943973125476297236164188903207747174066224166910599445943893497636600821250517588704616582443134569870669504282062371438117214999470944025150305002316807856338836461741719603148247259937115569402195602176038581295312891119951274894817724826455659455974852839659488341639700564281232869074597464290902722842213856768917234990210597321985427832764614250634902454330331233823958525766332425121487527448809539991155698196305659844041995340641395633323448578776012368471236131293498941728460946497756866644660677622475807902308628611635487874643452513138390535590456526941364979223978053846971343281201395541420924222525186827351672129324344038166455107727967673721176640068627732975956107644542722214256416016489400830322033260175830178964799633566031403963677820271312100123859490886384847119040351322307298808191059569488901270476492415097806474196740657031264764118515440719289608334189792700402236487846317746713031528543992687268488382118131980446605318901908346722704351226256783456608822991176196997720039142012977672157936988112235719330931930668167130491228915453909989665555243196128668863513630158933163794687860288646246763109914483284722489197967250584307381477198852066321842036624634368762857001229094512355973711167794935857521881507168666347310092749936506580228316721418009217747602853877554626168802157898853986667222949259429952647587472944575362641352154221468511889670911029313985003912740970011951059541079291185446442671150780656056146925906578516555186728049744207642911490713530810695561489212886634594367428444761803793717597252120386089976232635653671924981480119883583320406279038803329697577152092640277486491115470244909413699849973007486181065902860393712858661888247855071590213252145635415013596259758608234570340637327229935559887014354572393319847464262907169531429781663838006708540469061051891147297451480391568559373819898791137140969096352018650449239084872559017578817197360984187618914480352645488488567988098979108635003791264968720228967314243578209282372281675206738695366429523963604170539046279788882670479877243830376905153377519343943797083781039926947775704026937541995136515450341014739988616925905361984983589577116161891073810319788641887255549321413763864359790249902043805207076430506875147257537896277615241095700739430542289554881340185759489216286001865380058532253585684664670676659163438461424611448346537591332145925853900575602470861381224343765933247299320145024762972444848554741598601405218375400027213704718703141775704423638556263986570123974814552242310125826339500109164062369238069478012057050720165937020309885184390662894459759948746497140582018453364947767811499762359512979689939246212507681612071171170109396037428865015202161301376078211034598750897553564076881058691773139483214062685320883821373035001847588718186369374236046351649289630515392957735910965960655074013464048558273708802632355903975261924253593306686525449520103670477350684796325771248106215972892397968175901839712554564482895341660279622470691503004552572964702163097246594968623885570376095400602761766280700655981340515640038514373389532762277734085622261421004710125331742593630080574868851514168680690519740905657594113244908973622274698860413302989279694543245001248316479442207964519559261352377375824526969021598495156517636376942107463386429279528119447431318870139232890555334780262458798049009867920748370268421794042799607314494787444245369265975797708191215156678097154411012213923606108248614994945379589459185511127228498598771701421988401679173615593137937615818466633787438670392588188110809731433894089898957612467592005738378897875656729901497067806716533467218445245893878892106239320278257286089331651033561450380082401644259394819313342724316443575862826908378787176347335617442382574057500263790553596193245285619766289901484181034794556581630176630557466116141173911483198612062785618118413984867701641384415635499561580717183163079055919787218994889461794877197784852496738192754665159704343023601040857576030183073954189752962902625313722804435904979158401905308024049698990953769423614846550637113123488750974346981229762978192620374147930415636905456175056172210595188334949366540311182616620090629708196724695797010650611047326031623436536103220052300518339974538538047912134335522955036326769866685425853716482184080946354372971170743110328038074555375184351866874423559656610978360772152414265158869102407273000345230476878852756932740005655050029568844541046082463544530609331540754425953440239870503899815418723417034719722462781170229951364938393125866675518166576426049299613768873676977665556973307784527472011108776862332824060603926535186111463201349550260942525493932590833938118228865713041491921618773741662741689157403248313907233737166544426900752313849160180516466038186888780747009007134660271390034286929026856428697677364303376907864791969063425089631112419696897506595424810318612933775298298613525790881026286498247229547515572689196607358359745461435618626585327218779681773179739239206546599973631804481421892127571381166323016192086261664162770513334942169744650933457010716976652934413720156127978073149359192040025097256036580791643090767636615606303589441769147581111349606529571989003489422019290392412853282541858669327064734630894538409415987797119157887222477428005490320530545195125210710180333729087049792579283439568636151489816146466817035287552295872245856600393311026173015295825637685314130779413338919145491290660888537636729033080492773646497307692319889159479059087094255734589568608769245367478439914558386848912228591592199653188698517330108753961854603920545093316518939812641190005380603094979607385054241710098771892042198081248538168435178324218954731125192936932171290354672851277150594431750486934168646857121321679672402071048087172735714333682515370592122947660393595499975108280870174191663047161520635007543555535965685599609175424632582924117652099180019421645085043299364222908908265371097828590748986019042186874538126689849521769439607340134793901018350289644360581880865000183268381692175235618832496517993870946286288516171760904012637328179045268011327996518595034885357614473906455341397123966812949797571079249131023285101801959753004505863476461738219191448296348071254140313030016442086742467459989836498292576485428462926148104669852563570314395718323324337437377893927514318058694123591368665080732105254798892630700545892900047607805656678160437477466571431854010720142200554071744717088514456338359322420764165222119278448281620360448344535803523969147692749876118082813006179156606557396458214839141847622243484235314561233551047481725454151804192820504113766569546185241971556419758704378598261018060382637476944490025204955852010215046081431925288591371623755241160601367886483942061239871221757512978319429172155693876455296851920140138038434743392075971974078940691192923191751663426047368141296111993691545893027661491858888192606390351500331281901587988470419440216772130684637389905429504531714514947215666980028240888500186815487751802487252495803755414455715033246214738903093243047969021203613492744821632950887293490034188490364726183819258450565913885095575405608624864905575814401478688573606978904676905912774928543015875177231009128600013631153118791883649488829373721445437129624480403975997573823577581468751925556920104808222868102345766995685716138966310723287877560513972721646572854434761026582791410716812887200371680260341773165274858154310496325553832025498604514109283231467953410830036705897786656936369779727329589906839529875561693820524701878016904234466510400551814215889931225165423304948839848588718056779925369538714985476199350018490319012296930537570167547723175108929666002141131959252378012027503692433720746079347107723565695010043565192076198913323531645333256025969457492124157771698193861643318029588710456166231867372125229914054205614000169958475649880643374591410624607655047586689872294318904174272719839576853495974455733213596480237908254507921392207028169693991921818782585951735134807659880865600403377482030151036474541191754534935980615461212167859020678029373170912324122284413460631836067160077779011645818219023750672334670846408037984902963930802303257098118840421346654033100909625020501608928036495340518539859855335190644430605883183762326306754571586362991620183016533054812001330280297860325559187731485411900656670337439233109430791609776120333241016981918100862400795588182556930346613692656811535528676148576395645738478773219849098558872655291258124916339672713497337842096449914369390245991182953733064600837291031550466555312028875905462681899273653375271058781806785242145195584895436568557410066563585028193223986078874427067637941050182580145358627007468440352436135917203993916499349568639565819864447611248309632911499283495553903287610956556462929427571261526350883312815163980334147892192816188295642034527654119136658238942816430814092043819227348503945573379653355788615974000222396431464113177746587987342179342235982218667732094093858337853038346344869814769770039021801053070017279799944624587410897224796303382282515587921371659254267303109028347488411199042837027646083874783727965580085771525518009315538179920404579286095532356734307846939599839761520228873398496432755498507238847464368579624781505542289023831805570884128230500395886452550566765027963763232091666201131517395636485493443173372723495775926904071303465199253739527721286514803874006184390102904053537273924414576979447922961522820865904799594652445232105878944338073312264257967837055787168393881666741964428226890383112065850765199093765419376051363027948961044199028116858192952235809423414640708469635390244897614281945460879804428892078589304728258919840269590935824931600445830955955911136806138693295481816316339432070392673920562351058821295400036723785650413720744991625429606343920820147444823173505028059487213550800878294590229619990956485755172791787356534990337111516282532223698707638039951631719990902680506036104622402500911867480767981115067669554871668625918708250088985062750247832735888575171699870523907377115042082799366829830215487734959161326350189509772441947941683536978628955624781055591027647558945579695321465978727305421775746739447305515405541060002645552625877111876843077516221491581924910453575573384426721330583340685221407034201238427819074157623878587820913304049235496437987560373781053052662852549630426054771582501271739068895978455851098032780714880228498894230387885981914849343711535468209776463754145265020132579297676901793299906103995221535849363345023173120873735603674470204049512034629654233119237825697112716287714048181870748685993210058571777042860332743855011341002007579035667526569412321908090580502535026897797557763492670400955702910302642186134669924198771439079054131594987288202776124675568834176403421114881946322352884126100121796684111025554481482156162242516183774886958539837135815425605678898643362396168325444564616689506029572451233410917990622596749005975702021899735427276303416931803992879680288253073539766893645744284674801525242007340250555606689436892369905234914794749974609830192199171495251445370508729935302579375759606602774451633735045227500041366171307993315478078332020568847970939887620969725385779747302919553241183430298997154190629723978769437647485580120533555119539573829514956795326509501328735367700552841022426987374041758142644988250274427182476445146076333451820629661732136563086182105066794513772871433194205126739669093237165449404788722008359674435007321517911246000165816868023851361659255722939235879042389323109089618586219337098842466986101136676661021597255541696235128080172729566642354893502211888575665182626651156382888738852679353697115155428985115524964663068999650778269807528248644531968542939521501354579377853884078847413242682953069931908293484499581835746927391677202335282154334818910777439932296342217072657008691658901455546994970329815850895846843150788563495509673128913949377860671351952231759851816887151888295879694343931558354289452488951272679677978441805868422467479798246856765753900495478157802616228529792158216339851600477942316977068918331359392480178983362235009514255146087684414974208786170346863216797848558886328781979263542398311628907500112547057047017973734108489544727343851163959603653402733908089263355853725485624806126772360263234118303316441762904478907252783749721657446870721702602695213146908274413484732283141012071969369775688161358891002223592019246051180681883540651090738392573327727972078979423069201464855431898850939659228216361520638290760088912928469879813563024625645597286511374751139019134543690840236407455185344173214905857841926230083383128572057190460055106565641053140057816480227087123455973493921670872036348244813317987544009002024768833738403588843376371181139602435768551183096592303934040816615019517104525752058091243415365834892388774436805760998805137661344699533724167189089492386164777726611301072305833463750190921702139355049630609164971715105882579022052801381859816496208918393950615505139944178490051130560098261467138622102893421839172560571219288673399047849144640322061243808340659291232295268427706933164960359312527424944311445818319325434702358498762454891022229372656269340467758453057498006007749611226072034535367509123395900119134089766434998303071855197133748269888549754537373353052917912537301247509159218041438056865860763345263615118997840549390854996067182045775913349664987179811083820137139454401767870301197024417463682514961421777115242794055754577499122893304610427572072793803411439840332598459625247692379944642038481738764610828005206713650772900027701984919262177026459161113582281021941040968746248033342909513368455878189441430513547751737356903832226248410692739861148822664260648713784883590630274622624199853322977489081883697756786321032549371348897776135882631586228700512014217378521087845195854057926310130835862949105315412465169222066831112563317696487316062764843085983974275173393600757291170229553115749179294834404465418561611771102416577687622678000603092625443440469813963230383220744913451557304476854082875339749101757601834003826551029847609550398797911122297282483662369850061391798999353405217081947386654439559923504385214246718326298957709774122617476714237849551687216153334822741839709666645745827731745600453646769474258544122977073401732034318051367466841280887194569112095108796456046294674689465358015864870512326697983609607093833159327968923616469521889168410958864802741001155877554482229785463735367735094682129372455216037401819003579253609780218129524390098793000967032187781688915718700885112213162270473005619255534839845822227965641352669983563919755998153688701528049967505324435739541466729205634808008579998350628328784550974865947089646244989741028266865666408716627251255286874470374985659603605649158102226829397957952391120231811075492624158799079615014767659884353588266642311820757791411572358554816618496168900636879409272212943208090260516888908272522929981763203515705354164187115211827972583116952858912356261529837328203308306874639173579745312595820518625560074719722005464720597984558141264699964663156599421970788106004021315710747887077282207763399552454830918707737298609062370757016872520273253742395496953117366836595404601680008036744037656001960708466925943644318541347849210060619536810032244354629696263583503821625847939262569969364592302709095801533814840157061665152995842989187330294967699568003478533417764561131924641015120258731414687819833711362716819729937431736963954550236464839394544033207342364365232458190341839243898500734401998012758289379606760667331224407639545784895408625050742537288298989732014700815656889048552295117644573861257748245203496058491243363108800051537861526729501237339417182953224445563506797805565129259446068713881397164774738458020746322693648367356680062380977112911690557919090430514028017061258271721007996701745983171545407753232019875690682099573679290169940294678950199160865512835112711801402993797030340037920980122615315557519639674780538060832560053285512853911545609605057909947419044891619804871523880215105705910769919696788655123492736547787233751129948307107884401972970981930252022725939150773838161360383258799828053863751471239308687565984034399070765757116307022114262407048511918570772644329633455468608934177421018481230606564370168018028628088722712051588041295561001381293821667692265764753790611898656733183486349791050327986674965447970048291309623396796171326411307208265352486220248070200464148781441243710800045943158150735022050758704466992278612619330956295424840487418681502046161348501141225406944071290394260825882520480610251624207906160867882799968449970939197003168187546630588055658283124956503877437368768809171014188858976565504424495943284988550101133446206926597839117160342150066566561456295115831095902207002726611831061054507914178143906265645737595980740505264091805709593064522699148723842166489811600999228367998984355174492933781129525735340075936261482528893809507320803921342513255037128741903777331100093467477069909046624164207445923887604066669315837511413538214434489297570557693843961797748028146400104367246514286122553226343347592513181623214279203471057229923007692338813767023846458584021902977666176513398149128411544232370261990569780421062696859526663714214266170253053546343444516013112581187839849885367190675051681874581755634275442363641582797677359934892206620708020639764996871111500505049407684261117320712403694006398595769343722500535397948698075202398206723354055409779040379060120746677044265285091461827989267473359335836166422553669421118989285696196932997888459163676828285181809011147829802363167724863295737875719925951130339781360852472577750558771823549483494263481908053553051078717095694388813137913735098146744378190583734230491833324014694535638734289744478022449295351243416059868961899229697921331656350208634643217757699752046217755360787875276527034613536521864208400816422248792981195496467540966536348091477800036441721416509305592699598998029164127294777028838977693662490663094145594125404359085869127674662169470235097287136130146384715662106926514647989194742354578265376049137223000012117158262815291230301012700033567691828045235196637765435370125665093620225590524182178437512539490314138538623441143429559030409313406276268262503337141236723385272855391062429388840570746017008811176258700537374185104385477064755485853120187550927898506804347879955134445213141744230695474729694271903452229381290636856904230539562161763137845874616938267719571076171075296652681472508222490281990146206545661608667625589411949872280153372104745190379506077138826698849468101640042787934009785310724873046095864946783529784446593290062584514763831782434711614114662194861279798328093342432398020708188023139856925225378718434130122759441960463224576369181591309903145734583002221305112354148187112823421467390616097774770101852410682681799322321399826015081859853701978960499914825489926912585272910164003136346789253645769588831067459015767066866620506597635936460278790113292199046386560419781656689558227284550843065373821893662353291029896077462151523222270363383178033551881641458845038331342512547093685858275710884332480895044530517262998394996258564893621926911353173658308985024389295954663496325737020128669741617528335250714506586580396727560254199137997619900878762181464766367964708594364766865046867173284348525597112723275464898745482640162447996527748819580496020136742741569784414398370245271353774260308016888874284443943545611549466866113493280946407439111516534286899469268590042008957416144042979311953602003450827316814991048798414621510971022239978969617158032570989714030287683391833147078975301254573283211073952316920292610002139459628691049363935290571307255383641103546349379190688232028312749254956149431218062724164064588215795303962412956401508033310481710524828670471889106701964263769709487057765755849401154291173813777139773271792798955584353619953414810100338707293252005490980695083214984756512570388927895357052571358073892817522403830795407126741537281589247781718643741152246712830549473048175713047473423142500134953412443480368179951923690811634374479874807796215452411971160869497304746574543597848289317874536097788067991723332886176074274772867085292897441938706522130581435444930240771830220198050787536921884454787663133194354378243812590276139359509897197579313216769357738897522984798173905333145647233400437252811317833093015247852249697824580758153759989711557948515541283565974079234968635746256585680236646998324804678637049803335725539967976538609575916465451283462917014514651747039686082716776871683752538877025692026871780913211300517623552313804740522817816831310890948868847633009660065201530138002849377302125509174337511667262582888492616181405617007754173415773610759383591765085424583596460195603782174598030219039632233209132070551940817833287403037964766844737397375692561598335759385347508317068080897405557927632673467466334220170589919834413742582105797008860090744395073350297079703427848789416253087240012426098286547371615520726915285159873465205340779750782680058195087345350947130815684638811360484933696991808092358648887494405051341751454080820836645783674522968763520837563989862096051296648149751191022070455523207345491365028033392545472599587583478988800000000000000000000000000000000000000000000000000000000000000000000000000000000000000000000000000000000000000000000000000000000000000000000000000000000000000000000000000000000000000000000000000000000000000000000000000000000000000000000000000000000000000000000000000000000000000000000000000000000000000000000000000000000000000000000000000000000000000000000000000000000000000000000000000000000000000000000000000000000000000000000000000000000000000000000000000000000000000000000000000000000000000000000000000000000000000000000000000000000000000000000000000000000000000000000000000000000000000000000000000000000000000000000000000000000000000000000000000000000000000000000000000000000000000000000000000000000000000000000000000000000000000000000000000000000000000000000000000000000000000000000000000000000000000000000000000000000000000000000000000000000000000000000000000000000000000000000000000000000000000000000000000000000000000000000000000000000000000000000000000000000000000000000000000000000000000000000000000000000000000000000000000000000000000000000000000000000000000000000000000000000000000000000000000000000000000000000000000000000000000000000000000000000000000000000000000000000000000000000000000000000000000000000000000000000000000000000000000000000000000000000000000000000000000000000000000000000000000000000000000000000000000000000000000000000000000000000000000000000000000000000000000000000000000000000000000000000000000000000000000000000000000000000000000000000000000000000000000000000000000000000000000000000000000000000000000000000000000000000000000000000000000000000000000000000000000000000000000000000000000000000000000000000000000000000000000000000000000000000000000000000000000000000000000000000000000000000000000000000000000000000000000000000000000000000000000000000000000000000000000000000000000000000000000000000000000000000000000000000000000000000000000000000000000000000000000000000000000000000000000000000000000000000000000000000000000000000000000000000000000000000000000000000000000000000000000000000000000000000000000000000000000000000000000000000000000000000000000000000000000000000000000000000000000000000000000000000000000000000000000000000000000000000000000000000000000000000000000000000000000000000000000000000000000000000000000000000000000000000000000000000000000000000000000000000000000000000000000000000000000000000000000000000000000000000000000000000000000000000000000000000000000000000000000000000000000000000000000000000000000000000000000000000000000000000000000000000000000000000000000000000000000000000000000000000000000000000000000000000000000000000000000000000000000000000000000000000000000000000000000000000000000000000000000000000000000000000000000000000000000000000000000000000000000000000000000000000000000000000000000000000000000000000000000000000000000000000000000000000000000000000000000000000000000000000000000000000000000000000000000000000000000000000000000000000000000000000000000000000000000000000000000000000000000000000000000000000000000000000000000000000000000000000000000000000000000000000000000000000000000000000000000000000000000000000000000000000000000000000000000000000000000000000000000000000000000000000000000000000000000000000000000000000000000000000000000000000000000000000000000000000000000000000000000000000000000000000000000000000000000000000000000000000000000000000000000000000000000000000000000000000000000000000000000000000000000000000000000000000000000000000000000000000000000000000000000000000000000000000000000000000000000000000000000000000000000000000000000000000000000000000000000000000000000000000000000000000000000000000000000000000000000000000000000000000000000000000000000000000000000000000000000000000000000000000000000000000000000000000000000000000000000000000000000000000000000000000000000000000000000000000000000000000000000000000000000000000000000000000000000000000000000000000000000000000000000000000000000000000000000000000000000000000000000000000000000000000000000000000000000000000000000000000000000000000000000000000000000000000000000000000000000000000000000000000000000000000000000000000000000000000000000000000000000000000000000000000000000000000000000000000000000000000000000000000000000000000000000000000000000000000000000000000000000000000000000000000000000000000000000000000000000000000000000000000000000000000000000000000000000000000000000000000000000000000000000000000000000000000000000000000000000000000000000000000000000000000000000000000000000000000000000000000000000000000000000000000000000000000000000000000000000000000000000000000000000000000000000000000000000000000000000000000000000000000000000000000000000000000000000000000000000000000000000000000000000000000000000000000000000000000000000000000000000000000000000000000000000000000000000000000000000000000000000000000000000000000000000000000000000000000000000000000000000000000000000000000000000000000000000
* UtilsJUnit4Test: @After method
* UtilsJUnit4Test: @Before method
* UtilsJUnit4Test: test method 3 - checkExpectedException()
* UtilsJUnit4Test: @After method
* UtilsJUnit4Test: @AfterClass method
]]></system-out>
  <system-err><![CDATA[]]></system-err>
</testsuite>
